[2025-08-25 16:03:30][INFO][notion_register] 新規データベース作成完了: データベースID：25a9fee9-008f-810c-a0e6-f6dab24a3d46 データベース名：2025秋anime_schedule_db
[2025-08-25 16:03:35][INFO][notion_register] Archived DB：2025夏anime_schedule_db database_id: 2529fee9-008f-810e-8b76-c3ed1df392db
[2025-08-25 16:03:42][INFO][notion_register] 登録成功: ホテル・インヒューマンズ (1)
[2025-08-25 16:03:42][INFO][notion_register] 登録成功: 9-nine- Ruler's Crown (2)
[2025-08-25 16:03:43][INFO][notion_register] 登録成功: 追放白魔導師 ミニアニメ (3)
[2025-08-25 16:03:44][INFO][notion_register] 登録成功: 雨と君と (4)
[2025-08-25 16:03:45][INFO][notion_register] 登録成功: 人妻の唇は缶チューハイの味がして (5)
[2025-08-25 16:03:45][INFO][notion_register] 登録成功: 瑠璃の宝石 (6)
[2025-08-25 16:03:46][INFO][notion_register] 登録成功: ゲーセン少女と異文化交流 (7)
[2025-08-25 16:03:46][INFO][notion_register] 登録成功: おそ松さん (第4期) (8)
[2025-08-25 16:03:49][INFO][notion_register] 登録成功: ブスに花束を。 (9)
[2025-08-25 16:03:53][INFO][notion_register] 登録成功: 学校では教えてくれない大切なこと (10)
[2025-08-25 16:03:53][INFO][notion_register] 登録成功: CITY THE ANIMATION (11)
[2025-08-25 16:03:57][INFO][notion_register] 登録成功: New PANTY & STOCKING with GARTERBELT (12)
[2025-08-25 16:03:58][INFO][notion_register] 登録成功: 追放者食堂へようこそ！ (13)
[2025-08-25 16:04:01][INFO][notion_register] 登録成功: まったく最近の探偵ときたら (14)
[2025-08-25 16:04:10][INFO][notion_register] 登録成功: うたごえはミルフィーユ (15)
[2025-08-25 16:04:11][INFO][notion_register] 登録成功: 出禁のモグラ (16)
[2025-08-25 16:04:12][INFO][notion_register] 登録成功: 異世界黙示録マイノグーラ ～破滅の文明で始める世界征服～ (17)
[2025-08-25 16:04:24][INFO][notion_register] 登録成功: 気絶勇者と暗殺姫 (18)
[2025-08-25 16:04:27][INFO][notion_register] 登録成功: 公女殿下の家庭教師 (19)
[2025-08-25 16:04:38][INFO][notion_register] 登録成功: 光が死んだ夏 (20)
[2025-08-25 16:04:38][INFO][notion_register] 登録成功: 青春ブタ野郎はサンタクロースの夢を見ない (21)
[2025-08-25 16:04:39][INFO][notion_register] 登録成功: 水属性の魔法使い (22)
[2025-08-25 16:04:40][INFO][notion_register] 登録成功: 傷だらけ聖女より報復をこめて (23)
[2025-08-25 16:04:41][INFO][notion_register] 登録成功: 白豚貴族ですが前世の記憶が生えたのでひよこな弟育てます (24)
[2025-08-25 16:04:42][INFO][notion_register] 登録成功: 渡くんの××が崩壊寸前 (25)
[2025-08-25 16:04:42][INFO][notion_register] 登録成功: ずたぼろ令嬢は姉の元婚約者に溺愛される (26)
[2025-08-25 16:04:44][INFO][notion_register] 登録成功: 盾の勇者の成り上がり Season4 (27)
[2025-08-25 16:04:44][INFO][notion_register] 登録成功: クレバテス-魔獣の王と赤子と屍の勇者- (28)
[2025-08-25 16:04:45][INFO][notion_register] 登録成功: 地縛少年花子くん2 後編 (29)
[2025-08-25 16:04:52][INFO][notion_register] 登録成功: 美男高校地球防衛部ハイカラ！ (30)
[2025-08-25 16:04:53][INFO][notion_register] 登録成功: 桃源暗鬼 (31)
[2025-08-25 16:04:53][INFO][notion_register] 登録成功: 彼女、お借りします 第4期 (32)
[2025-08-25 16:04:55][INFO][notion_register] 登録成功: 自動販売機に生まれ変わった俺は迷宮を彷徨う 2nd season (33)
[2025-08-25 16:04:58][INFO][notion_register] 登録成功: わたしが恋人になれるわけないじゃん、ムリムリ!（※ムリじゃなかった!?） (34)
[2025-08-25 16:04:59][INFO][notion_register] 登録成功: よふかしのうた Season2 (35)
[2025-08-25 16:05:01][INFO][notion_register] 登録成功: 地獄先生ぬ〜べ〜 (2025) (36)
[2025-08-25 16:05:02][INFO][notion_register] 登録成功: 薫る花は凛と咲く (37)
[2025-08-25 16:05:02][INFO][notion_register] 登録成功: ブサメンガチファイター (38)
[2025-08-25 16:05:06][INFO][notion_register] 登録成功: サイレント・ウィッチ 沈黙の魔女の隠しごと (39)
[2025-08-25 16:05:08][INFO][notion_register] 登録成功: 勇者パーティーを追放された白魔導師、Sランク冒険者に拾われる ～この白魔導師が規格外すぎる～ (40)
[2025-08-25 16:05:08][INFO][notion_register] 登録成功: Turkey! (41)
[2025-08-25 16:05:09][INFO][notion_register] 登録成功: ふたりソロキャンプ (42)
[2025-08-25 16:05:13][INFO][notion_register] 登録成功: ぐらんぶる Season 2 (43)
[2025-08-25 16:05:14][INFO][notion_register] 登録成功: 転生したら第七王子だったので、気ままに魔術を極めます 第2期 (44)
[2025-08-25 16:05:15][INFO][notion_register] 登録成功: ニャイト・オブ・ザ・リビングキャット (45)
[2025-08-25 16:05:16][INFO][notion_register] 登録成功: ダンダダン 第2期 (46)
[2025-08-25 16:05:19][INFO][notion_register] 登録成功: 夢中さ、きみに。 (47)
[2025-08-25 16:05:19][INFO][notion_register] 登録成功: ガチアクタ (48)
[2025-08-25 16:05:20][INFO][notion_register] 登録成功: 強くてニューサーガ (49)
[2025-08-25 16:05:21][INFO][notion_register] 登録成功: ばっどがーる (50)
[2025-08-25 16:05:26][INFO][notion_register] 登録成功: ぷにるんず ぷに3 (51)
[2025-08-25 16:05:26][INFO][notion_register] 登録成功: 帝乃三姉妹は案外、チョロい。 (52)
[2025-08-25 16:05:30][INFO][notion_register] 登録成功: カードファイト!! ヴァンガード Divinez デラックス決勝編 (53)
[2025-08-25 16:05:30][INFO][notion_register] 登録成功: カラオケ行こ！ (54)
[2025-08-25 16:05:31][INFO][notion_register] 登録成功: カッコウの許嫁 Season2 (55)
[2025-08-25 16:05:31][INFO][notion_register] 登録成功: タコピーの原罪 (56)
[2025-08-25 16:05:32][INFO][notion_register] 登録成功: フードコートで、また明日。 (57)
[2025-08-25 16:05:38][INFO][notion_register] 登録成功: フェルマーの料理 (58)
[2025-08-25 16:05:38][INFO][notion_register] 登録成功: ぬきたし THE ANIMATION (59)
[2025-08-25 16:05:39][INFO][notion_register] 登録成功: 転生宗主の覇道譚 ～すべてを呑み込むサカナと這い上がる～ (60)
[2025-08-25 16:05:40][INFO][notion_register] 登録成功: デキちゃうまで婚 (61)
[2025-08-25 16:05:40][INFO][notion_register] 登録処理完了: 成功 61 件 / 失敗 0 件
