[NG] Lemino:
HAPPY！動画 hulu J:COM STREAM Lemino milplus music.jp Prime Video
---
[NG] Prime Video:
Lemino milplus music.jp Prime Video TELASA Youtube（レンタル） カンテレドーガ
---
[NG] ABEMA:
STREAMING dアニメストア 、 ABEMA にて最速配信開始！ dアニメストア 、
---
[NG] AnimeFesta:
ABEMA その他サイトも順次配信予定 見放題サイト AnimeFesta DMM TV ＦＯＤ HAPPY!動画
---
[NG] DMM TV:
その他サイトも順次配信予定 見放題サイト AnimeFesta DMM TV ＦＯＤ HAPPY!動画 Hulu
---
[NG] Hulu:
DMM TV ＦＯＤ HAPPY!動画 Hulu J:COM STREAM Lemino milplus
---
[NG] Lemino:
HAPPY!動画 Hulu J:COM STREAM Lemino milplus 見放題パックプライム Netflix
---
[NG] Netflix:
Lemino milplus 見放題パックプライム Netflix Prime Video Rakuten TV TELASA
---
[NG] Prime Video:
milplus 見放題パックプライム Netflix Prime Video Rakuten TV TELASA U-NEXT
---
[NG] U-NEXT:
Prime Video Rakuten TV TELASA U-NEXT アニメタイムズ アニメ放題 ニコニコ
---
[NG] アニメタイムズ:
Rakuten TV TELASA U-NEXT アニメタイムズ アニメ放題 ニコニコ バンダイチャンネル
---
[NG] dアニメストア:
ABEMA AnimeFesta バンダイチャンネル dアニメストア DMM TV FOD Hulu
---
[NG] DMM TV:
AnimeFesta バンダイチャンネル dアニメストア DMM TV FOD Hulu Lemino
---
[NG] FOD:
バンダイチャンネル dアニメストア DMM TV FOD Hulu Lemino ニコニコチャンネル
---
[NG] Hulu:
dアニメストア DMM TV FOD Hulu Lemino ニコニコチャンネル Prime Video
---
[NG] Lemino:
DMM TV FOD Hulu Lemino ニコニコチャンネル Prime Video U-NEXT
---
[NG] Prime Video:
ビデオマーケット music.jp カンテレドーガ Prime Video HAPPY!動画 バンダイチャンネル Hulu
---
[NG] Hulu:
Prime Video HAPPY!動画 バンダイチャンネル Hulu J:COM STREAM TELASA milplus
---
[NG] DMM TV:
J:COM STREAM TELASA milplus DMM TV Lemino 配信開始日時は予告なく変更になる場合があります。 ON AIR
---
[NG] Lemino:
TELASA milplus DMM TV Lemino 配信開始日時は予告なく変更になる場合があります。 ON AIR SHARE
---
[NG] U-NEXT:
配信開始 dアニメストア DMM TV U-NEXT アニメ放題 ABEMA Lemino
---
[NG] ABEMA:
DMM TV U-NEXT アニメ放題 ABEMA Lemino Amazon プライムビデオ
---
[NG] Lemino:
U-NEXT アニメ放題 ABEMA Lemino Amazon プライムビデオ Hulu
---
[NG] Hulu:
Lemino Amazon プライムビデオ Hulu FOD TELASA J:COM STREAM
---
[NG] FOD:
Amazon プライムビデオ Hulu FOD TELASA J:COM STREAM Pontaパス
---
[NG] dアニメストア:
ABEMA AnimeFesta バンダイチャンネル dアニメストア DMM TV FOD Hulu
---
[NG] DMM TV:
AnimeFesta バンダイチャンネル dアニメストア DMM TV FOD Hulu Lemino
---
[NG] FOD:
バンダイチャンネル dアニメストア DMM TV FOD Hulu Lemino Prime Video
---
[NG] Hulu:
dアニメストア DMM TV FOD Hulu Lemino Prime Video U-NEXT
---
[NG] U-NEXT:
ABEMA ニコニコ生放送 TVer U-NEXT ※配信・放送開始日、時間は変更となる場合がございます。予めご了承ください。 HOME NEWS
---
[NG] dアニメストア:
dアニメストア dアニメストア for Prime Video dアニメストア ニコニコ支店 U-NEXT アニメ放題
---
[NG] DMM TV:
Amazon Prime Video Disney+ （ディズニープラス） DMM TV FOD Hulu J:COM STREAM
---
[NG] FOD:
Disney+ （ディズニープラス） DMM TV FOD Hulu J:COM STREAM Lemino
---
[NG] Hulu:
（ディズニープラス） DMM TV FOD Hulu J:COM STREAM Lemino milplus
---
[NG] Lemino:
FOD Hulu J:COM STREAM Lemino milplus TELASA TELASA
---
[NG] アニメタイムズ:
TELASA TELASA （Pontaパス） アニメタイムズ バンダイチャンネル ふらっと動画 【AVOD・FVOD】
---
[NG] ABEMA:
【AVOD・FVOD】 最新話期間限定 無料配信 ABEMA TBS FREE TVer ニコニコ生放送
---
[NG] Prime Video:
TVer ニコニコ生放送 【TVOD】レンタル配信 Amazon Prime Video Google TV HAPPY!動画 J:COM STREAM
---
[NG] DMM TV:
ABEMA niconico （ニコニコ生放送／ニコニコチャンネル） DMM TV Lemino FOD バンダイチャンネル
---
[NG] Lemino:
niconico （ニコニコ生放送／ニコニコチャンネル） DMM TV Lemino FOD バンダイチャンネル Hulu
---
[NG] FOD:
（ニコニコ生放送／ニコニコチャンネル） DMM TV Lemino FOD バンダイチャンネル Hulu TELASA
---
[NG] Hulu:
Lemino FOD バンダイチャンネル Hulu TELASA （見放題プラン） J:COM　STREAM
---
[NG] Prime Video:
（見放題プラン） J:COM　STREAM milplus　見放題パックプライム Prime Video アニメフェスタ 都度課金サイト ムービーフルplus
---
[NG] U-NEXT:
順次配信予定 《見放題サイト》 dアニメストア U-NEXT アニメ放題 niconico (ニコニコ生放送／ニコニコチャンネル）
---
[NG] Lemino:
アニメ放題 niconico (ニコニコ生放送／ニコニコチャンネル） Lemino DMM TV バンダイチャンネル Hulu
---
[NG] DMM TV:
niconico (ニコニコ生放送／ニコニコチャンネル） Lemino DMM TV バンダイチャンネル Hulu アニメフェスタ
---
[NG] Hulu:
Lemino DMM TV バンダイチャンネル Hulu アニメフェスタ FOD TELASA
---
[NG] FOD:
バンダイチャンネル Hulu アニメフェスタ FOD TELASA （見放題プラン） J:COM　STREAM
---
[NG] Prime Video:
オンデマンド カンテレドーガ TVer Prime Video ディズニープラス Netflix 《都度課金サイト》
---
[NG] Netflix:
TVer Prime Video ディズニープラス Netflix 《都度課金サイト》 HAPPY!動画 Rakuten TV
---
[NG] Prime Video:
最新話を配信！ TVer Amazon Prime Video J:COM STREAM dアニメストア DMM TV
---
[NG] dアニメストア:
Amazon Prime Video J:COM STREAM dアニメストア DMM TV TELASA バンダイチャンネル
---
[NG] DMM TV:
Prime Video J:COM STREAM dアニメストア DMM TV TELASA バンダイチャンネル みるプラス
---
[NG] U-NEXT:
TELASA バンダイチャンネル みるプラス U-NEXT Lemino Spoox Powered by Lemino
---
[NG] Lemino:
バンダイチャンネル みるプラス U-NEXT Lemino Spoox Powered by Lemino アニメ放題
---
[NG] Lemino:
U-NEXT Lemino Spoox Powered by Lemino アニメ放題 アニメタイムズ Prairie Kids
---
[NG] アニメタイムズ:
Spoox Powered by Lemino アニメ放題 アニメタイムズ Prairie Kids ABEMA キャスト
---
[NG] ABEMA:
アニメ放題 アニメタイムズ Prairie Kids ABEMA キャスト 整太／ 理子
---
[NG] dアニメストア:
STREAMING オンエア版 見放題配信 dアニメストア U-NEXT アニメ放題 ABEMA
---
[NG] U-NEXT:
オンエア版 見放題配信 dアニメストア U-NEXT アニメ放題 ABEMA niconico
---
[NG] ABEMA:
dアニメストア U-NEXT アニメ放題 ABEMA niconico (ニコニコ生放送／ニコニコチャンネル) DMM TV
---
[NG] DMM TV:
ABEMA niconico (ニコニコ生放送／ニコニコチャンネル) DMM TV Lemino FOD バンダイチャンネル
---
[NG] Lemino:
niconico (ニコニコ生放送／ニコニコチャンネル) DMM TV Lemino FOD バンダイチャンネル Hulu
---
[NG] FOD:
(ニコニコ生放送／ニコニコチャンネル) DMM TV Lemino FOD バンダイチャンネル Hulu TELASA(見放題プラン)
---
[NG] Hulu:
Lemino FOD バンダイチャンネル Hulu TELASA(見放題プラン) J:COM STREAM milplus 見放題パックプライム
---
[NG] Prime Video:
TELASA(見放題プラン) J:COM STREAM milplus 見放題パックプライム Prime Video アニメフェスタ TBS FREE Tver
---
[NG] dアニメストア:
Rakuten TV ディレクターズカット版 見放題配信 dアニメストア U-NEXT アニメ放題 ABEMA
---
[NG] U-NEXT:
ディレクターズカット版 見放題配信 dアニメストア U-NEXT アニメ放題 ABEMA DMM TV
---
[NG] ABEMA:
dアニメストア U-NEXT アニメ放題 ABEMA DMM TV Lemino FOD
---
[NG] DMM TV:
U-NEXT アニメ放題 ABEMA DMM TV Lemino FOD TELASA(見放題プラン)
---
[NG] Lemino:
アニメ放題 ABEMA DMM TV Lemino FOD TELASA(見放題プラン) J:COM STREAM
---
[NG] FOD:
ABEMA DMM TV Lemino FOD TELASA(見放題プラン) J:COM STREAM milplus 見放題パックプライム
---
[NG] Prime Video:
TELASA(見放題プラン) J:COM STREAM milplus 見放題パックプライム Prime Video アニメフェスタ ※放送スケジュール等の都合により、配信スケジュールは変更になる場合がございます。予めご了承ください。 BACK TO TOP
---
[NG] dアニメストア:
ABEMA AnimeFesta バンダイチャンネル dアニメストア DMM TV FOD Hulu
---
[NG] DMM TV:
AnimeFesta バンダイチャンネル dアニメストア DMM TV FOD Hulu Lemino
---
[NG] dアニメストア:
ｄアニメストア dアニメストア ニコニコ支店 dアニメストア for Prime Video U-NEXT アニメ放題
---
[NG] Prime Video:
dアニメストア ニコニコ支店 dアニメストア for Prime Video U-NEXT アニメ放題 【月額見放題サービス】
---
[NG] DMM TV:
Lemino ABEMA Disney＋ DMM TV FOD アニメフェスタ Prime Video
---
[NG] FOD:
ABEMA Disney＋ DMM TV FOD アニメフェスタ Prime Video ニコニコ動画
---
[NG] Prime Video:
DMM TV FOD アニメフェスタ Prime Video ニコニコ動画 TVer バンダイチャンネル
---
[NG] Hulu:
ニコニコ動画 TVer バンダイチャンネル Hulu J:COM STREAM TELASA milplus
---
[NG] Prime Video:
music.jp カンテレドーガ ニコニコ動画 Prime Video HAPPY!動画 バンダイチャンネル J:COM STREAM
---
[NG] ABEMA:
順次配信 すべてみる 見放題配信 ABEMA Amazon Prime Video dアニメストア dアニメストア ニコニコ支店
---
[NG] Prime Video:
すべてみる 見放題配信 ABEMA Amazon Prime Video dアニメストア dアニメストア ニコニコ支店 dアニメストア for Prime Video
---
[NG] dアニメストア:
見放題配信 ABEMA Amazon Prime Video dアニメストア dアニメストア ニコニコ支店 dアニメストア for Prime Video DMM TV
---
[NG] dアニメストア:
ABEMA Amazon Prime Video dアニメストア dアニメストア ニコニコ支店 dアニメストア for Prime Video DMM TV FOD
---
[NG] Prime Video:
Amazon Prime Video dアニメストア dアニメストア ニコニコ支店 dアニメストア for Prime Video DMM TV FOD Hulu
---
[NG] dアニメストア:
Amazon Prime Video dアニメストア dアニメストア ニコニコ支店 dアニメストア for Prime Video DMM TV FOD Hulu
---
[NG] DMM TV:
dアニメストア dアニメストア ニコニコ支店 dアニメストア for Prime Video DMM TV FOD Hulu J:COM STREAM
---
[NG] FOD:
dアニメストア ニコニコ支店 dアニメストア for Prime Video DMM TV FOD Hulu J:COM STREAM Lemino
---
[NG] Hulu:
dアニメストア for Prime Video DMM TV FOD Hulu J:COM STREAM Lemino milplus
---
[NG] Lemino:
FOD Hulu J:COM STREAM Lemino milplus U-NEXT アニメ放題
---
[NG] U-NEXT:
J:COM STREAM Lemino milplus U-NEXT アニメ放題 バンダイチャンネル ふらっと動画
---
[NG] Prime Video:
バンダイチャンネル ふらっと動画 レンタル配信 Amazon Prime Video HAPPY!動画 J:COM STREAM milplus
---
[NG] U-NEXT:
TVer タカラトミーチャンネル（YouTube） ネットもテレ東 U-NEXT アニメ放題 J:COM STREAM TELASA
---
[NG] Lemino:
J:COM STREAM TELASA みるプラス Lemino Spoox Powered by Lemino Amazon Prime Video dアニメストア
---
[NG] Lemino:
TELASA みるプラス Lemino Spoox Powered by Lemino Amazon Prime Video dアニメストア ABEMA
---
[NG] Prime Video:
みるプラス Lemino Spoox Powered by Lemino Amazon Prime Video dアニメストア ABEMA FOD
---
[NG] dアニメストア:
Lemino Spoox Powered by Lemino Amazon Prime Video dアニメストア ABEMA FOD DMM TV
---
[NG] ABEMA:
Spoox Powered by Lemino Amazon Prime Video dアニメストア ABEMA FOD DMM TV ▼都度課金サイト
---
[NG] FOD:
Amazon Prime Video dアニメストア ABEMA FOD DMM TV ▼都度課金サイト Rakuten TV
---
[NG] DMM TV:
dアニメストア ABEMA FOD DMM TV ▼都度課金サイト Rakuten TV Google Play/YouTube
---
[NG] Prime Video:
▼都度課金サイト Rakuten TV Google Play/YouTube Amazon Prime Video J:COM STREAM TELASA みるプラス
---
[NG] U-NEXT:
ネットもテレ東 TVer テレ東BIZ U-NEXT テレビ東京オンデマンド テレ東 YouTube公式チャンネル ＢＳテレ東 YouTube公式チャンネル
---
[NG] U-NEXT:
順次配信開始！ 詳細は各サイトでチェック！ 【見放題】 U-NEXT アニメ放題 ABEMA dアニメストア
---
[NG] ABEMA:
【見放題】 U-NEXT アニメ放題 ABEMA dアニメストア DMM TV Prime Video
---
[NG] dアニメストア:
U-NEXT アニメ放題 ABEMA dアニメストア DMM TV Prime Video バンダイチャンネル
---
[NG] DMM TV:
アニメ放題 ABEMA dアニメストア DMM TV Prime Video バンダイチャンネル Hulu
---
[NG] Prime Video:
ABEMA dアニメストア DMM TV Prime Video バンダイチャンネル Hulu FOD
---
[NG] Hulu:
DMM TV Prime Video バンダイチャンネル Hulu FOD Animefesta Lemino
---
[NG] FOD:
Prime Video バンダイチャンネル Hulu FOD Animefesta Lemino アニメタイムズ
---
[NG] Lemino:
Hulu FOD Animefesta Lemino アニメタイムズ J:COM STREAM （見放題）
---
[NG] アニメタイムズ:
FOD Animefesta Lemino アニメタイムズ J:COM STREAM （見放題） TELASA
---
[NG] Prime Video:
milplus 見放題パックプライム 【都度課金】 Prime Video バンダイチャンネル ニコニコチャンネル ©馬谷くらり／黒玉寮
---
[NG] U-NEXT:
Hulu ニコニコチャンネル ニコニコ生放送 U-NEXT アニメ放題 DMM TV AnimeFesta
---
[NG] DMM TV:
ニコニコ生放送 U-NEXT アニメ放題 DMM TV AnimeFesta ABEMA Prime Video
---
[NG] AnimeFesta:
U-NEXT アニメ放題 DMM TV AnimeFesta ABEMA Prime Video バンダイチャンネル
---
[NG] ABEMA:
アニメ放題 DMM TV AnimeFesta ABEMA Prime Video バンダイチャンネル FOD
---
[NG] Prime Video:
DMM TV AnimeFesta ABEMA Prime Video バンダイチャンネル FOD J:COM STREAM
---
[NG] FOD:
ABEMA Prime Video バンダイチャンネル FOD J:COM STREAM TELASA milplus（みるプラス）
---
[NG] Prime Video:
ABEMA dアニメストア dアニメストア ニコニコ支店 dアニメストア for Prime Video Netflix Disney+ DMM TV
---
[NG] dアニメストア:
ABEMA dアニメストア dアニメストア ニコニコ支店 dアニメストア for Prime Video Netflix Disney+ DMM TV
---
[NG] Netflix:
dアニメストア dアニメストア ニコニコ支店 dアニメストア for Prime Video Netflix Disney+ DMM TV FOD
---
[NG] DMM TV:
dアニメストア for Prime Video Netflix Disney+ DMM TV FOD アニメフェスタ MBS動画イズム
---
[NG] FOD:
Netflix Disney+ DMM TV FOD アニメフェスタ MBS動画イズム TVer
---
[NG] Prime Video:
アニメフェスタ MBS動画イズム TVer Prime Video ニコニコ動画 バンダイチャンネル Hulu
---
[NG] Hulu:
Prime Video ニコニコ動画 バンダイチャンネル Hulu J:COM STREAM TELASA milplus
---
[NG] Prime Video:
music.jp カンテレドーガ ニコニコ動画 Prime Video MBS動画イズム HAPPY!動画 バンダイチャンネル
---
[NG] dアニメストア:
ABEMA AnimeFesta バンダイチャンネル dアニメストア Disney＋ DMM TV FOD
---
[NG] DMM TV:
バンダイチャンネル dアニメストア Disney＋ DMM TV FOD Hulu Lemino
---
[NG] FOD:
dアニメストア Disney＋ DMM TV FOD Hulu Lemino Netflix
---
[NG] Hulu:
Disney＋ DMM TV FOD Hulu Lemino Netflix Prime Video
---
[NG] Lemino:
DMM TV FOD Hulu Lemino Netflix Prime Video U-NEXT
---
[NG] ABEMA:
ひかりTV ひかりTV for docomo SPOOX ABEMA DMM TV J:COM STREAM TELASA
---
[NG] DMM TV:
ひかりTV for docomo SPOOX ABEMA DMM TV J:COM STREAM TELASA milplus(みるプラス)
---
[NG] FOD:
J:COM STREAM TELASA milplus(みるプラス) FOD Anime Festa Hulu アニメタイムズ
---
[NG] Hulu:
milplus(みるプラス) FOD Anime Festa Hulu アニメタイムズ ニコニコ生放送 ニコニコ動画
---
[NG] アニメタイムズ:
FOD Anime Festa Hulu アニメタイムズ ニコニコ生放送 ニコニコ動画 TVer
---
[NG] U-NEXT:
ABEMA NETFLIX ディズニープラス U-NEXT アニメ放題 niconico(ニコニコ生放送／ニコニコチャンネル） DMM TV
---
[NG] DMM TV:
U-NEXT アニメ放題 niconico(ニコニコ生放送／ニコニコチャンネル） DMM TV FOD バンダイチャンネル Hulu
---
[NG] FOD:
アニメ放題 niconico(ニコニコ生放送／ニコニコチャンネル） DMM TV FOD バンダイチャンネル Hulu TELASA（見放題プラン）
---
[NG] Hulu:
DMM TV FOD バンダイチャンネル Hulu TELASA（見放題プラン） J:COM　STREAM milplus　見放題パックプライム
---
[NG] Prime Video:
TELASA（見放題プラン） J:COM　STREAM milplus　見放題パックプライム Prime Video アニメフェスタ 都度課金サイト ムービーフルplus
---
[NG] アニメタイムズ:
dアニメストア U-NEXT アニメ放題 アニメタイムズ Lemino ABEMA FOD
---
[NG] Lemino:
U-NEXT アニメ放題 アニメタイムズ Lemino ABEMA FOD ふらっと動画
---
[NG] ABEMA:
アニメ放題 アニメタイムズ Lemino ABEMA FOD ふらっと動画 TELASA(SVOD)
---
[NG] FOD:
アニメタイムズ Lemino ABEMA FOD ふらっと動画 TELASA(SVOD) J:COM STREAM(TVOD)
---
[NG] DMM TV:
Prime Video dアニメストア Netflix DMM TV バンダイチャンネル Hulu U-NEXT
---
[NG] Hulu:
Netflix DMM TV バンダイチャンネル Hulu U-NEXT アニメ放題 FOD
---
[NG] U-NEXT:
DMM TV バンダイチャンネル Hulu U-NEXT アニメ放題 FOD ABEMA
---
[NG] FOD:
Hulu U-NEXT アニメ放題 FOD ABEMA Lemino AnimeFesta
---
[NG] ABEMA:
U-NEXT アニメ放題 FOD ABEMA Lemino AnimeFesta ディズニープラス
---
[NG] Lemino:
アニメ放題 FOD ABEMA Lemino AnimeFesta ディズニープラス アニメタイムズ
---
[NG] Hulu:
毎週土曜深夜24時より順次最新話配信開始 見放題配信 Amazon Prime Video Hulu dアニメストア ABEMA FOD
---
[NG] dアニメストア:
見放題配信 Amazon Prime Video Hulu dアニメストア ABEMA FOD DMM TV
---
[NG] ABEMA:
Amazon Prime Video Hulu dアニメストア ABEMA FOD DMM TV AnimeFesta
---
[NG] FOD:
Hulu dアニメストア ABEMA FOD DMM TV AnimeFesta バンダイチャンネル
---
[NG] DMM TV:
dアニメストア ABEMA FOD DMM TV AnimeFesta バンダイチャンネル TELASA
---
[NG] AnimeFesta:
ABEMA FOD DMM TV AnimeFesta バンダイチャンネル TELASA J:COMSTREAM
---
[NG] Prime Video:
都度課金 HAPPY動画 Google TV Amazon Prime Video ニコニコチャンネル Rakuten TV バンダイチャンネル
---
[NG] Lemino:
J:COMSTREAM milplus 無料配信 Lemino TVer ネットもテレ東 ニコニコ生放送
---
[NG] ABEMA:
ネットもテレ東 ニコニコ生放送 ニコニコチャンネル ABEMA Rチャンネル 「赤塚不二夫TV」 Rチャンネル「アニメch」
---
[NG] Prime Video:
dアニメストア dアニメストア for Prime Video dアニメストア ニコニコ支店 Prime Video ディズニープラス Hulu DMM TV
---
[NG] Hulu:
dアニメストア ニコニコ支店 Prime Video ディズニープラス Hulu DMM TV Lemino FOD
---
[NG] DMM TV:
Prime Video ディズニープラス Hulu DMM TV Lemino FOD AnimeFesta
---
[NG] Lemino:
ディズニープラス Hulu DMM TV Lemino FOD AnimeFesta バンダイチャンネル
---
[NG] dアニメストア:
から 先行配信開始 dアニメストア dアニメストア ニコニコ支店 dアニメストア for Prime Video
---
[NG] U-NEXT:
から配信開始 Prime Video ABEMA U-NEXT アニメ放題 Lemino DMM TV
---
[NG] Lemino:
ABEMA U-NEXT アニメ放題 Lemino DMM TV AnimeFesta バンダイチャンネル
---
[NG] DMM TV:
U-NEXT アニメ放題 Lemino DMM TV AnimeFesta バンダイチャンネル Hulu
---
[NG] AnimeFesta:
アニメ放題 Lemino DMM TV AnimeFesta バンダイチャンネル Hulu FOD
---
[NG] Hulu:
DMM TV AnimeFesta バンダイチャンネル Hulu FOD FODチャンネル for Prime Video
---
[NG] FOD:
AnimeFesta バンダイチャンネル Hulu FOD FODチャンネル for Prime Video ニコニコチャンネル
---
[NG] dアニメストア:
アニメ放題 バンダイチャンネル AnimeFesta dアニメストア dアニメストア for Prime Video DMM TV
---
[NG] dアニメストア:
バンダイチャンネル AnimeFesta dアニメストア dアニメストア for Prime Video DMM TV FOD
---
[NG] Prime Video:
AnimeFesta dアニメストア dアニメストア for Prime Video DMM TV FOD Hulu
---
[NG] DMM TV:
dアニメストア dアニメストア for Prime Video DMM TV FOD Hulu J:COM STREAM
---
[NG] FOD:
dアニメストア for Prime Video DMM TV FOD Hulu J:COM STREAM Lemino
---
[NG] Hulu:
for Prime Video DMM TV FOD Hulu J:COM STREAM Lemino milplus
---
[NG] Lemino:
FOD Hulu J:COM STREAM Lemino milplus Prime Video TELASA
---
[NG] Prime Video:
J:COM STREAM Lemino milplus Prime Video TELASA U-NEXT ※配信日時は予告なく変更になる場合がございます。
---
[NG] U-NEXT:
milplus Prime Video TELASA U-NEXT ※配信日時は予告なく変更になる場合がございます。 OFFICIAL ACCOUNT
---
[NG] FOD:
FOD/TVer にて 1週間限定配信 FOD TVer 吸血鬼になることへの戸惑いを乗り越え、 ナズナを“好き”になることを決めたコウと、
---
[NG] ABEMA:
STREAMING dアニメストア 、 ABEMA にて最速配信開始！ dアニメストア 、
---
[NG] AnimeFesta:
ABEMA その他サイトも順次配信予定 見放題サイト AnimeFesta DMM TV ＦＯＤ HAPPY!動画
---
[NG] DMM TV:
その他サイトも順次配信予定 見放題サイト AnimeFesta DMM TV ＦＯＤ HAPPY!動画 Hulu
---
[NG] Hulu:
DMM TV ＦＯＤ HAPPY!動画 Hulu J:COM STREAM Lemino milplus
---
[NG] Lemino:
HAPPY!動画 Hulu J:COM STREAM Lemino milplus 見放題パックプライム Netflix
---
[NG] Netflix:
Lemino milplus 見放題パックプライム Netflix Prime Video Rakuten TV TELASA
---
[NG] Prime Video:
milplus 見放題パックプライム Netflix Prime Video Rakuten TV TELASA U-NEXT
---
[NG] U-NEXT:
Prime Video Rakuten TV TELASA U-NEXT アニメタイムズ アニメ放題 ニコニコ
---
[NG] アニメタイムズ:
Rakuten TV TELASA U-NEXT アニメタイムズ アニメ放題 ニコニコ バンダイチャンネル
---
[NG] Prime Video:
U-NEXT Hulu アニメタイムズ （Prime Video channel） Lemino(AVOD含む) バンダイチャンネル FOD
---
[NG] Lemino:
Hulu アニメタイムズ （Prime Video channel） Lemino(AVOD含む) バンダイチャンネル FOD Amazon Prime Video
---
[NG] FOD:
（Prime Video channel） Lemino(AVOD含む) バンダイチャンネル FOD Amazon Prime Video DMM TV Rakuten TV
---
[NG] Prime Video:
Lemino(AVOD含む) バンダイチャンネル FOD Amazon Prime Video DMM TV Rakuten TV Rチャンネル
---
[NG] DMM TV:
バンダイチャンネル FOD Amazon Prime Video DMM TV Rakuten TV Rチャンネル アニメフェスタ
---
[NG] ABEMA:
※配信開始日時はサービスによって異なる場合がございます。 詳しくは各種配信サービスよりご確認ください。 見放題配信 ABEMAプレミアム Amazon Prime Video DMM TV d
---
[NG] Prime Video:
詳しくは各種配信サービスよりご確認ください。 見放題配信 ABEMAプレミアム Amazon Prime Video DMM TV d アニメストア
---
[NG] DMM TV:
見放題配信 ABEMAプレミアム Amazon Prime Video DMM TV d アニメストア FOD
---
[NG] FOD:
DMM TV d アニメストア FOD Hulu J:COM STREAM Lemino
---
[NG] Hulu:
d アニメストア FOD Hulu J:COM STREAM Lemino milplus
---
[NG] Lemino:
FOD Hulu J:COM STREAM Lemino milplus TELASA TELASA
---
[NG] U-NEXT:
（ Ponta パス） U-NEXT アニメ放題 バンダイチャンネル 最新話期間限定 無料配信
---
[NG] ABEMA:
アニメ放題 バンダイチャンネル 最新話期間限定 無料配信 ABEMA FOD TVer ニコニコ生放送
---
[NG] FOD:
バンダイチャンネル 最新話期間限定 無料配信 ABEMA FOD TVer ニコニコ生放送 レンタル配信
---
[NG] Prime Video:
TVer ニコニコ生放送 レンタル配信 Amazon Prime Video Google TV HAPPY! 動画
---
[NG] U-NEXT:
順次配信予定 《見放題サイト》 dアニメストア U-NEXT アニメ放題 niconico (ニコニコ生放送／ニコニコチャンネル）
---
[NG] Lemino:
アニメ放題 niconico (ニコニコ生放送／ニコニコチャンネル） Lemino DMM TV バンダイチャンネル Hulu
---
[NG] DMM TV:
niconico (ニコニコ生放送／ニコニコチャンネル） Lemino DMM TV バンダイチャンネル Hulu アニメフェスタ
---
[NG] Hulu:
Lemino DMM TV バンダイチャンネル Hulu アニメフェスタ FOD TELASA
---
[NG] FOD:
バンダイチャンネル Hulu アニメフェスタ FOD TELASA （見放題プラン） J:COM　STREAM
---
[NG] Prime Video:
オンデマンド カンテレドーガ TVer Prime Video ディズニープラス Netflix 《都度課金サイト》
---
[NG] Netflix:
TVer Prime Video ディズニープラス Netflix 《都度課金サイト》 HAPPY!動画 Rakuten TV
---
[NG] dアニメストア:
アニメタイムズ Lemino Hulu dアニメストア U-NEXT アニメ放題 Disney＋
---
[NG] U-NEXT:
Lemino Hulu dアニメストア U-NEXT アニメ放題 Disney＋ DMM TV
---
[NG] DMM TV:
U-NEXT アニメ放題 Disney＋ DMM TV AnimeFesta ABEMA バンダイチャンネル
---
[NG] AnimeFesta:
アニメ放題 Disney＋ DMM TV AnimeFesta ABEMA バンダイチャンネル FOD
---
[NG] ABEMA:
Disney＋ DMM TV AnimeFesta ABEMA バンダイチャンネル FOD J:COM STREAM
---
[NG] FOD:
AnimeFesta ABEMA バンダイチャンネル FOD J:COM STREAM TELASA milplus（みるプラス）
---
[NG] Netflix:
music.jp ビデオマーケット MOVIE FULL+ Netflix ※配信開始日時はサービスによって異なる場合がございます。詳しくは各配信サービスにてご確認ください。 ※配信時間は変更になる可能性がございます。 SHARE
---
[NG] Prime Video:
HAPPY!動画 バンダイチャンネル ビデオマーケット Prime Video milplus music.jp ムービーフル
---
[NG] Prime Video:
(Amazonプライムについて詳しくは amazon.co.jp/prime へ) Amazon、Prime Video及びこれらに関連するすべての商標は、Amazon.com, Inc. 又はその関連会社の商標です。 ※放送・配信日時は変更となる場合がございます。 オリジナル版 見放題サイト
---
[NG] ABEMA:
※放送・配信日時は変更となる場合がございます。 オリジナル版 見放題サイト ABEMA dアニメストア U-NEXT アニメ放題
---
[NG] dアニメストア:
オリジナル版 見放題サイト ABEMA dアニメストア U-NEXT アニメ放題 Lemino
---
[NG] U-NEXT:
見放題サイト ABEMA dアニメストア U-NEXT アニメ放題 Lemino DMM TV
---
[NG] Lemino:
dアニメストア U-NEXT アニメ放題 Lemino DMM TV アニメフェスタ FOD
---
[NG] DMM TV:
U-NEXT アニメ放題 Lemino DMM TV アニメフェスタ FOD TELASA
---
[NG] FOD:
Lemino DMM TV アニメフェスタ FOD TELASA (見放題プラン) J:COM　STREAM
---
[NG] ABEMA:
見放題パックプライム CENSORED版 見放題サイト ABEMA dアニメストア U-NEXT アニメ放題
---
[NG] dアニメストア:
CENSORED版 見放題サイト ABEMA dアニメストア U-NEXT アニメ放題 niconico
---
[NG] U-NEXT:
見放題サイト ABEMA dアニメストア U-NEXT アニメ放題 niconico (ニコニコ生放送／
---
[NG] Lemino:
niconico (ニコニコ生放送／ ニコニコチャンネル) Lemino DMM TV バンダイチャンネル Hulu
---
[NG] DMM TV:
(ニコニコ生放送／ ニコニコチャンネル) Lemino DMM TV バンダイチャンネル Hulu アニメフェスタ
---
[NG] Hulu:
Lemino DMM TV バンダイチャンネル Hulu アニメフェスタ FOD TELASA
---
[NG] FOD:
バンダイチャンネル Hulu アニメフェスタ FOD TELASA (見放題プラン) J:COM　STREAM
---
[NG] Lemino:
U-NEXT アニメ放題 ABEMA Lemino Amazonプライムビデオ Disney＋ バンダイチャンネル
---
[NG] Hulu:
Amazonプライムビデオ Disney＋ バンダイチャンネル Hulu FOD ニコニコチャンネル Anime Festa
---
[NG] FOD:
Disney＋ バンダイチャンネル Hulu FOD ニコニコチャンネル Anime Festa TVer
---
[NG] Prime Video:
Streaming 配信情報 ABEMA Amazon Prime Video DMM TV dアニメストア FOD
---
[NG] DMM TV:
配信情報 ABEMA Amazon Prime Video DMM TV dアニメストア FOD Hulu
---
[NG] dアニメストア:
ABEMA Amazon Prime Video DMM TV dアニメストア FOD Hulu J:COM STREAM
---
[NG] FOD:
Amazon Prime Video DMM TV dアニメストア FOD Hulu J:COM STREAM LEMINO
---
[NG] Hulu:
DMM TV dアニメストア FOD Hulu J:COM STREAM LEMINO Locipo
---
[NG] U-NEXT:
music.jp milplus（みるプラス） TELASA U-NEXT カンテレドーガ バンダイチャンネル ビデオマーケット
---
[NG] ABEMA:
第2期 TV放送後、各配信サイトにて配信開始 第1期 好評配信中！ 無料配信 ABEMA MBS動画イズム TVer ニコニコ
---
[NG] アニメタイムズ:
TVer ニコニコ 見放題 アニメタイムズ アニメ放題 ABEMA abceed
---
[NG] ABEMA:
見放題 アニメタイムズ アニメ放題 ABEMA abceed FOD J:COM STREAM
---
[NG] FOD:
アニメ放題 ABEMA abceed FOD J:COM STREAM DMM TV TELASA
---
[NG] DMM TV:
abceed FOD J:COM STREAM DMM TV TELASA dアニメストア ニコニコ
---
[NG] dアニメストア:
J:COM STREAM DMM TV TELASA dアニメストア ニコニコ Netflix バンダイチャンネル
---
[NG] Netflix:
TELASA dアニメストア ニコニコ Netflix バンダイチャンネル Hulu Prime Video
---
[NG] Hulu:
ニコニコ Netflix バンダイチャンネル Hulu Prime Video ふらっと動画 Pontaパス
---
[NG] Prime Video:
Netflix バンダイチャンネル Hulu Prime Video ふらっと動画 Pontaパス milplus
---
[NG] U-NEXT:
ふらっと動画 Pontaパス milplus U-NEXT Lemino WOWOWオンデマンド 各話購入
---
[NG] Lemino:
Pontaパス milplus U-NEXT Lemino WOWOWオンデマンド 各話購入 HAPPY!動画
---
[NG] ABEMA:
でも順次配信開始 ※配信時間は変更する可能性があります 先行配信 放送終了後、ABEMAにて国内最速配信 毎週金曜よる24:00～ ABEMA 見放題配信 各種配信プラットフォームにて順次配信 毎週月曜よる24:00～
---
[NG] ABEMA:
※配信時間は変更する可能性があります 先行配信 放送終了後、ABEMAにて国内最速配信 毎週金曜よる24:00～ ABEMA 見放題配信 各種配信プラットフォームにて順次配信 毎週月曜よる24:00～ ABEMAプレミアム
---
[NG] ABEMA:
ABEMA 見放題配信 各種配信プラットフォームにて順次配信 毎週月曜よる24:00～ ABEMAプレミアム Anime Festa アニメ放題 バンダイチャンネル
---
[NG] dアニメストア:
Anime Festa アニメ放題 バンダイチャンネル dアニメストア Disney+ DMM TV FOD
---
[NG] DMM TV:
バンダイチャンネル dアニメストア Disney+ DMM TV FOD Hulu J:COM STREAM 見放題
---
[NG] FOD:
dアニメストア Disney+ DMM TV FOD Hulu J:COM STREAM 見放題 Lemino
---
[NG] Hulu:
Disney+ DMM TV FOD Hulu J:COM STREAM 見放題 Lemino milplus
---
[NG] Lemino:
FOD Hulu J:COM STREAM 見放題 Lemino milplus Netflix Ponta パス
---
[NG] Netflix:
J:COM STREAM 見放題 Lemino milplus Netflix Ponta パス Prime Video TELASA
---
[NG] Prime Video:
milplus Netflix Ponta パス Prime Video TELASA U-NEXT レンタル配信
---
[NG] U-NEXT:
Ponta パス Prime Video TELASA U-NEXT レンタル配信 各種配信プラットフォームにて順次配信 毎週月曜よる24:00～ バンダイチャンネル
---
[NG] Prime Video:
milplus ムービーフルplus ニコニコチャンネル Prime Video Rakuten TV TELASA Video Market
---
[NG] ABEMA:
ビデックス 最新話無料配信 毎週土曜よる24:00～ ABEMA 各種配信プラットフォームにて順次配信 毎週月曜よる24:00～ アニメ放題 ニコニコチャンネル/ニコニコ生放送
---
[NG] U-NEXT:
各種配信プラットフォームにて順次配信 毎週月曜よる24:00～ アニメ放題 ニコニコチャンネル/ニコニコ生放送 U-NEXT 毎週木曜よる24:00～ 日テレ無料 TVer
---
[NG] ABEMA:
月 20 日(日)より ABEMAにて独占・無料配信！ 7 月 6
---
[NG] DMM TV:
順次配信！ Prime Video Hulu DMM TV Google TV YouTube Lemino
---
[NG] Lemino:
DMM TV Google TV YouTube Lemino ひかりTV ひかりTV for docomo J:COM STREAM
---
[NG] dアニメストア:
TELASA milplus(みるプラス) Happy!動画 dアニメストア バンダイチャンネル ※放送・配信日時は変更になる場合があります。 © やしろ・ＴＯブックス／しろひよ製作委員会
---
[NG] Prime Video:
日（月） より 毎週月曜0時00分～ 24時間先行配信！ Prime Video 2025 年 7
---
[NG] Lemino:
より 毎週火曜日0時00分～ 順次配信開始！ 見放題配信 Lemino アニメタイムズ dアニメストア U-NEXT
---
[NG] アニメタイムズ:
毎週火曜日0時00分～ 順次配信開始！ 見放題配信 Lemino アニメタイムズ dアニメストア U-NEXT アニメ放題
---
[NG] dアニメストア:
見放題配信 Lemino アニメタイムズ dアニメストア U-NEXT アニメ放題 バンダイチャンネル
---
[NG] U-NEXT:
Lemino アニメタイムズ dアニメストア U-NEXT アニメ放題 バンダイチャンネル J:COM STREAM
---
[NG] FOD:
TELASA milplus（みるプラス） NETFLIX FOD Disney＋ AnimeFesta DMM TV
---
[NG] AnimeFesta:
NETFLIX FOD Disney＋ AnimeFesta DMM TV WOWOWオンデマンド ABEMA
---
[NG] DMM TV:
FOD Disney＋ AnimeFesta DMM TV WOWOWオンデマンド ABEMA レンタル配信
---
[NG] ABEMA:
AnimeFesta DMM TV WOWOWオンデマンド ABEMA レンタル配信 Rakuten TV カンテレドーガ
---
[NG] Netflix:
dアニメストア for Prime Video dアニメストア ニコニコ支店 ディズニープラス Netflix ABEMA U-NEXT Hulu
---
[NG] ABEMA:
dアニメストア ニコニコ支店 ディズニープラス Netflix ABEMA U-NEXT Hulu DMM TV
---
[NG] U-NEXT:
ディズニープラス Netflix ABEMA U-NEXT Hulu DMM TV Lemino
---
[NG] Hulu:
Netflix ABEMA U-NEXT Hulu DMM TV Lemino バンダイチャンネル
---
[NG] DMM TV:
ABEMA U-NEXT Hulu DMM TV Lemino バンダイチャンネル FOD
---
[NG] Lemino:
U-NEXT Hulu DMM TV Lemino バンダイチャンネル FOD TELASA（見放題プラン）
---
[NG] FOD:
DMM TV Lemino バンダイチャンネル FOD TELASA（見放題プラン） J:COM STREAM（見放題） milplus見放題パックプライム
---
[NG] dアニメストア:
ABEMA Prime Video ディズニープラス dアニメストア dアニメストア ニコニコ支店 dアニメストア for Prime Video DMM TV
---
[NG] dアニメストア:
Prime Video ディズニープラス dアニメストア dアニメストア ニコニコ支店 dアニメストア for Prime Video DMM TV バンダイチャンネル
---
[NG] Prime Video:
ディズニープラス dアニメストア dアニメストア ニコニコ支店 dアニメストア for Prime Video DMM TV バンダイチャンネル Hulu
---
[NG] dアニメストア:
ディズニープラス dアニメストア dアニメストア ニコニコ支店 dアニメストア for Prime Video DMM TV バンダイチャンネル Hulu
---
[NG] DMM TV:
dアニメストア dアニメストア ニコニコ支店 dアニメストア for Prime Video DMM TV バンダイチャンネル Hulu ニコニコチャンネル
---
[NG] Hulu:
dアニメストア for Prime Video DMM TV バンダイチャンネル Hulu ニコニコチャンネル U-NEXT アニメ放題
---
[NG] U-NEXT:
バンダイチャンネル Hulu ニコニコチャンネル U-NEXT アニメ放題 FOD Lemino
---
[NG] FOD:
ニコニコチャンネル U-NEXT アニメ放題 FOD Lemino AnimeFesta アニメタイムズ
---
[NG] Prime Video:
深夜1時30分〜順次配信開始 アニメ放題 ABEMA Amazon Prime Video J:COM STREAM DMM TV TELASA
---
[NG] DMM TV:
ABEMA Amazon Prime Video J:COM STREAM DMM TV TELASA ニコニコ バンダイチャンネル
---
[NG] Hulu:
TELASA ニコニコ バンダイチャンネル Hulu milplus見放題パックプライム U-NEXT FOD
---
[NG] ABEMA:
music.jp milplus 見逃し無料配信 ABEMA ニコニコ Lemino HOME
---
[NG] Lemino:
見逃し無料配信 ABEMA ニコニコ Lemino HOME MOVIE NEWS
---
[NG] アニメタイムズ:
U-NEXT アニメ放題 見放題配信 アニメタイムズ Amazon Prime Video FOD J:COM STREAM
---
[NG] Prime Video:
アニメ放題 見放題配信 アニメタイムズ Amazon Prime Video FOD J:COM STREAM dアニメストア
---
[NG] FOD:
見放題配信 アニメタイムズ Amazon Prime Video FOD J:COM STREAM dアニメストア DMM TV
---
[NG] dアニメストア:
Amazon Prime Video FOD J:COM STREAM dアニメストア DMM TV Disney＋ TELASA
---
[NG] DMM TV:
FOD J:COM STREAM dアニメストア DMM TV Disney＋ TELASA Netflix
---
[NG] Netflix:
DMM TV Disney＋ TELASA Netflix バンダイチャンネル Hulu ふらっと動画
---
[NG] Hulu:
TELASA Netflix バンダイチャンネル Hulu ふらっと動画 milplus見放題パックプライム Lemino
---
[NG] Lemino:
Hulu ふらっと動画 milplus見放題パックプライム Lemino WOWOWオンデマンド 都度課金配信 Amazon Prime Video
---
[NG] Prime Video:
Lemino WOWOWオンデマンド 都度課金配信 Amazon Prime Video カンテレドーガ J:COM STREAM TELASA
---
[NG] ABEMA:
music.jp milplus 見逃し無料配信 ABEMA TVer ニコニコ Lemino
---
[NG] Lemino:
ABEMA TVer ニコニコ Lemino ※配信日時は予告なく変更する場合がございます。詳細は各配信サービスにてご確認ください。 Page Top このサイトに記載されている一切の文書・図版・写真等を、手段や形態を問わず、複製・転載することを禁じます。
---
[NG] FOD:
dアニメストア dアニメストア ニコニコ支店 dアニメストア for Prime Video FOD ABEMAプレミアム U-NEXT アニメ放題
---
[NG] ABEMA:
dアニメストア ニコニコ支店 dアニメストア for Prime Video FOD ABEMAプレミアム U-NEXT アニメ放題 バンダイチャンネル
---
[NG] U-NEXT:
dアニメストア for Prime Video FOD ABEMAプレミアム U-NEXT アニメ放題 バンダイチャンネル Hulu
---
[NG] Hulu:
U-NEXT アニメ放題 バンダイチャンネル Hulu Lemino Netflix DMM TV
---
[NG] Lemino:
アニメ放題 バンダイチャンネル Hulu Lemino Netflix DMM TV アニメタイムズ
---
[NG] Netflix:
バンダイチャンネル Hulu Lemino Netflix DMM TV アニメタイムズ AnimeFesta
---
[NG] dアニメストア:
地上波先行一斉配信！ Amazon Prime Video U-NEXT dアニメストア ABEMA DMM TV バンダイチャンネル
---
[NG] ABEMA:
Amazon Prime Video U-NEXT dアニメストア ABEMA DMM TV バンダイチャンネル FOD
---
[NG] DMM TV:
U-NEXT dアニメストア ABEMA DMM TV バンダイチャンネル FOD Lemino
---
[NG] FOD:
ABEMA DMM TV バンダイチャンネル FOD Lemino ニコニコチャンネル ニコニコ生放送
---
[NG] Lemino:
DMM TV バンダイチャンネル FOD Lemino ニコニコチャンネル ニコニコ生放送 アニメタイムズ
---
[NG] アニメタイムズ:
Lemino ニコニコチャンネル ニコニコ生放送 アニメタイムズ アニメ放題 AnimeFesta HAPPY!動画
---
[NG] AnimeFesta:
ニコニコ生放送 アニメタイムズ アニメ放題 AnimeFesta HAPPY!動画 J:COM STREAM milplus
---
[NG] Hulu:
ABEMAプレミアム DMM TV FOD Hulu Lemino Netflix Prime Video
---
[NG] Lemino:
DMM TV FOD Hulu Lemino Netflix Prime Video ディズニープラス
---
[NG] Netflix:
FOD Hulu Lemino Netflix Prime Video ディズニープラス バンダイチャンネル
---
[NG] Prime Video:
Hulu Lemino Netflix Prime Video ディズニープラス バンダイチャンネル AnimeFesta
---
[NG] Prime Video:
DMM TV U-NEXT アニメ放題 Amazon Prime Video FOD Hulu Lemino
---
[NG] FOD:
U-NEXT アニメ放題 Amazon Prime Video FOD Hulu Lemino AnimeFesta
---
[NG] Hulu:
アニメ放題 Amazon Prime Video FOD Hulu Lemino AnimeFesta バンダイチャンネル
---
[NG] Lemino:
Amazon Prime Video FOD Hulu Lemino AnimeFesta バンダイチャンネル J:COM STREAM
---
[NG] AnimeFesta:
FOD Hulu Lemino AnimeFesta バンダイチャンネル J:COM STREAM milplus見放題プライム
---
[NG] Prime Video:
DMM TV U-NEXT アニメ放題 Amazon Prime Video FOD Hulu Lemino
---
[NG] FOD:
U-NEXT アニメ放題 Amazon Prime Video FOD Hulu Lemino AnimeFesta
---
[NG] Hulu:
アニメ放題 Amazon Prime Video FOD Hulu Lemino AnimeFesta バンダイチャンネル
---
[NG] Lemino:
Amazon Prime Video FOD Hulu Lemino AnimeFesta バンダイチャンネル J:COM STREAM
---
[NG] AnimeFesta:
FOD Hulu Lemino AnimeFesta バンダイチャンネル J:COM STREAM milplus見放題プライム
---
[NG] DMM TV:
Prime Video U-NEXT アニメ放題 DMM TV ABEMA プレミアム Anime Festa FOD
---
[NG] ABEMA:
U-NEXT アニメ放題 DMM TV ABEMA プレミアム Anime Festa FOD Hulu
---
[NG] FOD:
DMM TV ABEMA プレミアム Anime Festa FOD Hulu TELASA J：COM STREAM
---
[NG] Hulu:
ABEMA プレミアム Anime Festa FOD Hulu TELASA J：COM STREAM milplus
---
[NG] ABEMA:
ニコニコ生放送 ニコニコチャンネル TVer ABEMA ※配信開始日時・配信期間は配信サービスによって異なる場合がございます。詳しくは取扱いの配信サービスにてご確認ください。 Home News
---
[NG] ABEMA:
各配信サイトにて順次配信開始！ 詳細は各サイトでチェック！ 見放題サイト ABEMA U-NEXT アニメ放題 niconico
---
[NG] U-NEXT:
詳細は各サイトでチェック！ 見放題サイト ABEMA U-NEXT アニメ放題 niconico （ニコニコ生放送／ニコニコチャンネル）
---
[NG] DMM TV:
アニメ放題 niconico （ニコニコ生放送／ニコニコチャンネル） DMM TV FOD バンダイチャンネル Hulu
---
[NG] FOD:
niconico （ニコニコ生放送／ニコニコチャンネル） DMM TV FOD バンダイチャンネル Hulu TELASA
---
[NG] Hulu:
DMM TV FOD バンダイチャンネル Hulu TELASA （見放題プラン） J:COM STREAM
---
[NG] Prime Video:
J:COM STREAM milplus 見放題パックプライム Prime Video アニメフェスタ 都度課金サイト HAPPY!動画
---
[NG] ABEMA:
毎週土曜22時30分より 各配信サービスにて順次配信開始！ 見放題配信サービス ABEMA Amazon Prime Video AnimeFesta DMM TV
---
[NG] Prime Video:
各配信サービスにて順次配信開始！ 見放題配信サービス ABEMA Amazon Prime Video AnimeFesta DMM TV dアニメストア
---
[NG] AnimeFesta:
見放題配信サービス ABEMA Amazon Prime Video AnimeFesta DMM TV dアニメストア FOD
---
[NG] DMM TV:
ABEMA Amazon Prime Video AnimeFesta DMM TV dアニメストア FOD Hulu
---
[NG] dアニメストア:
Amazon Prime Video AnimeFesta DMM TV dアニメストア FOD Hulu Lemino
---
[NG] FOD:
AnimeFesta DMM TV dアニメストア FOD Hulu Lemino U-NEXT
---
[NG] Hulu:
DMM TV dアニメストア FOD Hulu Lemino U-NEXT アニメ放題
---
[NG] Lemino:
dアニメストア FOD Hulu Lemino U-NEXT アニメ放題 バンダイチャンネル
---
[NG] U-NEXT:
FOD Hulu Lemino U-NEXT アニメ放題 バンダイチャンネル 各話購入サービス
---
[NG] DMM TV:
ABEMAプレミアム Amazon Prime Video Disney+（ディズニープラス） DMM TV dアニメストア dアニメストア for Prime Video dアニメストア ニコニコ支店
---
[NG] dアニメストア:
Amazon Prime Video Disney+（ディズニープラス） DMM TV dアニメストア dアニメストア for Prime Video dアニメストア ニコニコ支店 FOD
---
[NG] Prime Video:
Disney+（ディズニープラス） DMM TV dアニメストア dアニメストア for Prime Video dアニメストア ニコニコ支店 FOD Hulu
---
[NG] dアニメストア:
Disney+（ディズニープラス） DMM TV dアニメストア dアニメストア for Prime Video dアニメストア ニコニコ支店 FOD Hulu
---
[NG] dアニメストア:
DMM TV dアニメストア dアニメストア for Prime Video dアニメストア ニコニコ支店 FOD Hulu J:COM STREAM
---
[NG] FOD:
dアニメストア dアニメストア for Prime Video dアニメストア ニコニコ支店 FOD Hulu J:COM STREAM Lemino
---
[NG] Hulu:
dアニメストア for Prime Video dアニメストア ニコニコ支店 FOD Hulu J:COM STREAM Lemino milplus
---
[NG] Lemino:
FOD Hulu J:COM STREAM Lemino milplus Netflix TELASA
---
[NG] Netflix:
J:COM STREAM Lemino milplus Netflix TELASA TELASA（Pontaパス） WOWOWオンデマンド
---
[NG] アニメタイムズ:
TELASA TELASA（Pontaパス） WOWOWオンデマンド アニメタイムズ アニメ放題 ニコニコチャンネル バンダイチャンネル
---
[NG] U-NEXT:
CS TBS NEWS TBS FREE TVer U-NEXT エンターテインメント 映画 TBSチケット
---
[NG] U-NEXT:
毎週金曜日23:00～以降 （詳細は各サイトでご確認ください） ＜見放題サイト＞ U-NEXT アニメ放題 niconico(ニコニコ生放送／ニコニコチャンネル） Lemino
---
[NG] Lemino:
U-NEXT アニメ放題 niconico(ニコニコ生放送／ニコニコチャンネル） Lemino DMM TV バンダイチャンネル Hulu
---
[NG] DMM TV:
アニメ放題 niconico(ニコニコ生放送／ニコニコチャンネル） Lemino DMM TV バンダイチャンネル Hulu アニメフェスタ
---
[NG] Hulu:
Lemino DMM TV バンダイチャンネル Hulu アニメフェスタ FOD TELASA（見放題プラン）
---
[NG] FOD:
バンダイチャンネル Hulu アニメフェスタ FOD TELASA（見放題プラン） J:COM　STREAM milplus　見放題パックプライム
---
[NG] Prime Video:
TELASA（見放題プラン） J:COM　STREAM milplus　見放題パックプライム Prime Video ＜都度課金サイト＞ HAPPY!動画 Rakuten TV
---
[NG] dアニメストア:
ABEMAプレミアム Amazon Prime Video DMM TV dアニメストア dアニメストア for Prime Video dアニメストア ニコニコ支店 FOD
---
[NG] Prime Video:
Amazon Prime Video DMM TV dアニメストア dアニメストア for Prime Video dアニメストア ニコニコ支店 FOD Hulu
---
[NG] dアニメストア:
Amazon Prime Video DMM TV dアニメストア dアニメストア for Prime Video dアニメストア ニコニコ支店 FOD Hulu
---
[NG] dアニメストア:
DMM TV dアニメストア dアニメストア for Prime Video dアニメストア ニコニコ支店 FOD Hulu Lemino
---
[NG] FOD:
dアニメストア dアニメストア for Prime Video dアニメストア ニコニコ支店 FOD Hulu Lemino U-NEXT
---
[NG] Hulu:
dアニメストア for Prime Video dアニメストア ニコニコ支店 FOD Hulu Lemino U-NEXT アニメ放題
---
[NG] Lemino:
dアニメストア ニコニコ支店 FOD Hulu Lemino U-NEXT アニメ放題 バンダイチャンネル
---
[NG] AnimeFesta:
最速配信 AnimeFesta プレミアム版 AnimeFesta オンエア版 DMM TV 地上波先行配信！
---
[NG] DMM TV:
プレミアム版 AnimeFesta オンエア版 DMM TV 地上波先行配信！ DMM TV オンエア版
---
[NG] アニメタイムズ:
ｄアニメストア U-NEXT アニメ放題 アニメタイムズ Lemino ABEMA ふらっと動画
---
[NG] Lemino:
U-NEXT アニメ放題 アニメタイムズ Lemino ABEMA ふらっと動画 FOD
---
[NG] ABEMA:
アニメ放題 アニメタイムズ Lemino ABEMA ふらっと動画 FOD TELASA(SVOD)
---
[NG] FOD:
Lemino ABEMA ふらっと動画 FOD TELASA(SVOD) J:COM STREAM(SVOD) milplus(SVOD)
---
[NG] U-NEXT:
見放題サイト ｄアニメストア niconico（ニコニコ生放送／ニコニコチャンネル） U-NEXT アニメ放題 Lemino バンダイチャンネル
---
[NG] Lemino:
niconico（ニコニコ生放送／ニコニコチャンネル） U-NEXT アニメ放題 Lemino バンダイチャンネル Hulu DMM TV
---
[NG] Hulu:
アニメ放題 Lemino バンダイチャンネル Hulu DMM TV TELASA J:COM STREAM
---
[NG] DMM TV:
Lemino バンダイチャンネル Hulu DMM TV TELASA J:COM STREAM milplus 見放題パックプライム
---
[NG] Prime Video:
TELASA J:COM STREAM milplus 見放題パックプライム Prime Video FOD アニメフェスタ 都度課金サイト
---
[NG] FOD:
J:COM STREAM milplus 見放題パックプライム Prime Video FOD アニメフェスタ 都度課金サイト Rakuten TV
---
[NG] DMM TV:
Prime Video ABEMA アニメ放題 DMM TV J:COM STREAM みるプラス TELASA
---
[NG] Hulu:
みるプラス TELASA バンダイチャンネル Hulu Lemino アニメタイムズ AnimeFesta
---
[NG] Lemino:
TELASA バンダイチャンネル Hulu Lemino アニメタイムズ AnimeFesta 都度課金配信サイト
---
[NG] FOD:
Google Play / YouTube ニコニコチャンネル FOD Rakuten TV HAPPY!動画 ※放送・配信日時は都合等により変更となる場合がございます。
---
[NG] U-NEXT:
ｄアニメストア niconico (ニコニコ生放送／ニコニコチャンネル) U-NEXT アニメ放題 Lemino バンダイチャンネル
---
[NG] Lemino:
(ニコニコ生放送／ニコニコチャンネル) U-NEXT アニメ放題 Lemino バンダイチャンネル Hulu DMM TV
---
[NG] Hulu:
アニメ放題 Lemino バンダイチャンネル Hulu DMM TV TELASA J:COM STREAM
---
[NG] DMM TV:
Lemino バンダイチャンネル Hulu DMM TV TELASA J:COM STREAM milplus
---
[NG] Prime Video:
J:COM STREAM milplus 見放題パックプライム Prime Video FOD アニメフェスタ 都度課金サイト
---
[NG] FOD:
milplus 見放題パックプライム Prime Video FOD アニメフェスタ 都度課金サイト Rakuten TV
---
[NG] Lemino:
HAPPY！動画 hulu J:COM STREAM Lemino milplus music.jp Prime Video
---
[NG] Prime Video:
Lemino milplus music.jp Prime Video TELASA Youtube（レンタル） カンテレドーガ
---
[NG] ABEMA:
STREAMING dアニメストア 、 ABEMA にて最速配信開始！ dアニメストア 、
---
[NG] AnimeFesta:
ABEMA その他サイトも順次配信予定 見放題サイト AnimeFesta DMM TV ＦＯＤ HAPPY!動画
---
[NG] DMM TV:
その他サイトも順次配信予定 見放題サイト AnimeFesta DMM TV ＦＯＤ HAPPY!動画 Hulu
---
[NG] Hulu:
DMM TV ＦＯＤ HAPPY!動画 Hulu J:COM STREAM Lemino milplus
---
[NG] Lemino:
HAPPY!動画 Hulu J:COM STREAM Lemino milplus 見放題パックプライム Netflix
---
[NG] Netflix:
Lemino milplus 見放題パックプライム Netflix Prime Video Rakuten TV TELASA
---
[NG] Prime Video:
milplus 見放題パックプライム Netflix Prime Video Rakuten TV TELASA U-NEXT
---
[NG] U-NEXT:
Prime Video Rakuten TV TELASA U-NEXT アニメタイムズ アニメ放題 ニコニコ
---
[NG] アニメタイムズ:
Rakuten TV TELASA U-NEXT アニメタイムズ アニメ放題 ニコニコ バンダイチャンネル
---
[NG] dアニメストア:
ABEMA AnimeFesta バンダイチャンネル dアニメストア DMM TV FOD Hulu
---
[NG] DMM TV:
AnimeFesta バンダイチャンネル dアニメストア DMM TV FOD Hulu Lemino
---
[NG] FOD:
バンダイチャンネル dアニメストア DMM TV FOD Hulu Lemino ニコニコチャンネル
---
[NG] Hulu:
dアニメストア DMM TV FOD Hulu Lemino ニコニコチャンネル Prime Video
---
[NG] Lemino:
DMM TV FOD Hulu Lemino ニコニコチャンネル Prime Video U-NEXT
---
[NG] Prime Video:
ビデオマーケット music.jp カンテレドーガ Prime Video HAPPY!動画 バンダイチャンネル Hulu
---
[NG] Hulu:
Prime Video HAPPY!動画 バンダイチャンネル Hulu J:COM STREAM TELASA milplus
---
[NG] DMM TV:
J:COM STREAM TELASA milplus DMM TV Lemino 配信開始日時は予告なく変更になる場合があります。 ON AIR
---
[NG] Lemino:
TELASA milplus DMM TV Lemino 配信開始日時は予告なく変更になる場合があります。 ON AIR SHARE
---
[NG] U-NEXT:
配信開始 dアニメストア DMM TV U-NEXT アニメ放題 ABEMA Lemino
---
[NG] ABEMA:
DMM TV U-NEXT アニメ放題 ABEMA Lemino Amazon プライムビデオ
---
[NG] Lemino:
U-NEXT アニメ放題 ABEMA Lemino Amazon プライムビデオ Hulu
---
[NG] Hulu:
Lemino Amazon プライムビデオ Hulu FOD TELASA J:COM STREAM
---
[NG] FOD:
Amazon プライムビデオ Hulu FOD TELASA J:COM STREAM Pontaパス
---
[NG] dアニメストア:
ABEMA AnimeFesta バンダイチャンネル dアニメストア DMM TV FOD Hulu
---
[NG] DMM TV:
AnimeFesta バンダイチャンネル dアニメストア DMM TV FOD Hulu Lemino
---
[NG] FOD:
バンダイチャンネル dアニメストア DMM TV FOD Hulu Lemino Prime Video
---
[NG] Hulu:
dアニメストア DMM TV FOD Hulu Lemino Prime Video U-NEXT
---
[NG] U-NEXT:
ABEMA ニコニコ生放送 TVer U-NEXT ※配信・放送開始日、時間は変更となる場合がございます。予めご了承ください。 HOME NEWS
---
[NG] dアニメストア:
dアニメストア dアニメストア for Prime Video dアニメストア ニコニコ支店 U-NEXT アニメ放題
---
[NG] DMM TV:
Amazon Prime Video Disney+ （ディズニープラス） DMM TV FOD Hulu J:COM STREAM
---
[NG] FOD:
Disney+ （ディズニープラス） DMM TV FOD Hulu J:COM STREAM Lemino
---
[NG] Hulu:
（ディズニープラス） DMM TV FOD Hulu J:COM STREAM Lemino milplus
---
[NG] Lemino:
FOD Hulu J:COM STREAM Lemino milplus TELASA TELASA
---
[NG] アニメタイムズ:
TELASA TELASA （Pontaパス） アニメタイムズ バンダイチャンネル ふらっと動画 【AVOD・FVOD】
---
[NG] ABEMA:
【AVOD・FVOD】 最新話期間限定 無料配信 ABEMA TBS FREE TVer ニコニコ生放送
---
[NG] Prime Video:
TVer ニコニコ生放送 【TVOD】レンタル配信 Amazon Prime Video Google TV HAPPY!動画 J:COM STREAM
---
[NG] DMM TV:
ABEMA niconico （ニコニコ生放送／ニコニコチャンネル） DMM TV Lemino FOD バンダイチャンネル
---
[NG] Lemino:
niconico （ニコニコ生放送／ニコニコチャンネル） DMM TV Lemino FOD バンダイチャンネル Hulu
---
[NG] FOD:
（ニコニコ生放送／ニコニコチャンネル） DMM TV Lemino FOD バンダイチャンネル Hulu TELASA
---
[NG] Hulu:
Lemino FOD バンダイチャンネル Hulu TELASA （見放題プラン） J:COM　STREAM
---
[NG] Prime Video:
（見放題プラン） J:COM　STREAM milplus　見放題パックプライム Prime Video アニメフェスタ 都度課金サイト ムービーフルplus
---
[NG] U-NEXT:
順次配信予定 《見放題サイト》 dアニメストア U-NEXT アニメ放題 niconico (ニコニコ生放送／ニコニコチャンネル）
---
[NG] Lemino:
アニメ放題 niconico (ニコニコ生放送／ニコニコチャンネル） Lemino DMM TV バンダイチャンネル Hulu
---
[NG] DMM TV:
niconico (ニコニコ生放送／ニコニコチャンネル） Lemino DMM TV バンダイチャンネル Hulu アニメフェスタ
---
[NG] Hulu:
Lemino DMM TV バンダイチャンネル Hulu アニメフェスタ FOD TELASA
---
[NG] FOD:
バンダイチャンネル Hulu アニメフェスタ FOD TELASA （見放題プラン） J:COM　STREAM
---
[NG] Prime Video:
オンデマンド カンテレドーガ TVer Prime Video ディズニープラス Netflix 《都度課金サイト》
---
[NG] Netflix:
TVer Prime Video ディズニープラス Netflix 《都度課金サイト》 HAPPY!動画 Rakuten TV
---
[NG] Prime Video:
最新話を配信！ TVer Amazon Prime Video J:COM STREAM dアニメストア DMM TV
---
[NG] dアニメストア:
Amazon Prime Video J:COM STREAM dアニメストア DMM TV TELASA バンダイチャンネル
---
[NG] DMM TV:
Prime Video J:COM STREAM dアニメストア DMM TV TELASA バンダイチャンネル みるプラス
---
[NG] U-NEXT:
TELASA バンダイチャンネル みるプラス U-NEXT Lemino Spoox Powered by Lemino
---
[NG] Lemino:
バンダイチャンネル みるプラス U-NEXT Lemino Spoox Powered by Lemino アニメ放題
---
[NG] Lemino:
U-NEXT Lemino Spoox Powered by Lemino アニメ放題 アニメタイムズ Prairie Kids
---
[NG] アニメタイムズ:
Spoox Powered by Lemino アニメ放題 アニメタイムズ Prairie Kids ABEMA キャスト
---
[NG] ABEMA:
アニメ放題 アニメタイムズ Prairie Kids ABEMA キャスト 整太／ 理子
---
[NG] dアニメストア:
STREAMING オンエア版 見放題配信 dアニメストア U-NEXT アニメ放題 ABEMA
---
[NG] U-NEXT:
オンエア版 見放題配信 dアニメストア U-NEXT アニメ放題 ABEMA niconico
---
[NG] ABEMA:
dアニメストア U-NEXT アニメ放題 ABEMA niconico (ニコニコ生放送／ニコニコチャンネル) DMM TV
---
[NG] DMM TV:
ABEMA niconico (ニコニコ生放送／ニコニコチャンネル) DMM TV Lemino FOD バンダイチャンネル
---
[NG] Lemino:
niconico (ニコニコ生放送／ニコニコチャンネル) DMM TV Lemino FOD バンダイチャンネル Hulu
---
[NG] FOD:
(ニコニコ生放送／ニコニコチャンネル) DMM TV Lemino FOD バンダイチャンネル Hulu TELASA(見放題プラン)
---
[NG] Hulu:
Lemino FOD バンダイチャンネル Hulu TELASA(見放題プラン) J:COM STREAM milplus 見放題パックプライム
---
[NG] Prime Video:
TELASA(見放題プラン) J:COM STREAM milplus 見放題パックプライム Prime Video アニメフェスタ TBS FREE Tver
---
[NG] dアニメストア:
Rakuten TV ディレクターズカット版 見放題配信 dアニメストア U-NEXT アニメ放題 ABEMA
---
[NG] U-NEXT:
ディレクターズカット版 見放題配信 dアニメストア U-NEXT アニメ放題 ABEMA DMM TV
---
[NG] ABEMA:
dアニメストア U-NEXT アニメ放題 ABEMA DMM TV Lemino FOD
---
[NG] DMM TV:
U-NEXT アニメ放題 ABEMA DMM TV Lemino FOD TELASA(見放題プラン)
---
[NG] Lemino:
アニメ放題 ABEMA DMM TV Lemino FOD TELASA(見放題プラン) J:COM STREAM
---
[NG] FOD:
ABEMA DMM TV Lemino FOD TELASA(見放題プラン) J:COM STREAM milplus 見放題パックプライム
---
[NG] Prime Video:
TELASA(見放題プラン) J:COM STREAM milplus 見放題パックプライム Prime Video アニメフェスタ ※放送スケジュール等の都合により、配信スケジュールは変更になる場合がございます。予めご了承ください。 BACK TO TOP
---
[NG] dアニメストア:
ABEMA AnimeFesta バンダイチャンネル dアニメストア DMM TV FOD Hulu
---
[NG] DMM TV:
AnimeFesta バンダイチャンネル dアニメストア DMM TV FOD Hulu Lemino
---
[NG] dアニメストア:
ｄアニメストア dアニメストア ニコニコ支店 dアニメストア for Prime Video U-NEXT アニメ放題
---
[NG] Prime Video:
dアニメストア ニコニコ支店 dアニメストア for Prime Video U-NEXT アニメ放題 【月額見放題サービス】
---
[NG] DMM TV:
Lemino ABEMA Disney＋ DMM TV FOD アニメフェスタ Prime Video
---
[NG] FOD:
ABEMA Disney＋ DMM TV FOD アニメフェスタ Prime Video ニコニコ動画
---
[NG] Prime Video:
DMM TV FOD アニメフェスタ Prime Video ニコニコ動画 TVer バンダイチャンネル
---
[NG] Hulu:
ニコニコ動画 TVer バンダイチャンネル Hulu J:COM STREAM TELASA milplus
---
[NG] Prime Video:
music.jp カンテレドーガ ニコニコ動画 Prime Video HAPPY!動画 バンダイチャンネル J:COM STREAM
---
[NG] ABEMA:
順次配信 すべてみる 見放題配信 ABEMA Amazon Prime Video dアニメストア dアニメストア ニコニコ支店
---
[NG] Prime Video:
すべてみる 見放題配信 ABEMA Amazon Prime Video dアニメストア dアニメストア ニコニコ支店 dアニメストア for Prime Video
---
[NG] dアニメストア:
見放題配信 ABEMA Amazon Prime Video dアニメストア dアニメストア ニコニコ支店 dアニメストア for Prime Video DMM TV
---
[NG] dアニメストア:
ABEMA Amazon Prime Video dアニメストア dアニメストア ニコニコ支店 dアニメストア for Prime Video DMM TV FOD
---
[NG] Prime Video:
Amazon Prime Video dアニメストア dアニメストア ニコニコ支店 dアニメストア for Prime Video DMM TV FOD Hulu
---
[NG] dアニメストア:
Amazon Prime Video dアニメストア dアニメストア ニコニコ支店 dアニメストア for Prime Video DMM TV FOD Hulu
---
[NG] DMM TV:
dアニメストア dアニメストア ニコニコ支店 dアニメストア for Prime Video DMM TV FOD Hulu J:COM STREAM
---
[NG] FOD:
dアニメストア ニコニコ支店 dアニメストア for Prime Video DMM TV FOD Hulu J:COM STREAM Lemino
---
[NG] Hulu:
dアニメストア for Prime Video DMM TV FOD Hulu J:COM STREAM Lemino milplus
---
[NG] Lemino:
FOD Hulu J:COM STREAM Lemino milplus U-NEXT アニメ放題
---
[NG] U-NEXT:
J:COM STREAM Lemino milplus U-NEXT アニメ放題 バンダイチャンネル ふらっと動画
---
[NG] Prime Video:
バンダイチャンネル ふらっと動画 レンタル配信 Amazon Prime Video HAPPY!動画 J:COM STREAM milplus
---
[NG] U-NEXT:
TVer タカラトミーチャンネル（YouTube） ネットもテレ東 U-NEXT アニメ放題 J:COM STREAM TELASA
---
[NG] Lemino:
J:COM STREAM TELASA みるプラス Lemino Spoox Powered by Lemino Amazon Prime Video dアニメストア
---
[NG] Lemino:
TELASA みるプラス Lemino Spoox Powered by Lemino Amazon Prime Video dアニメストア ABEMA
---
[NG] Prime Video:
みるプラス Lemino Spoox Powered by Lemino Amazon Prime Video dアニメストア ABEMA FOD
---
[NG] dアニメストア:
Lemino Spoox Powered by Lemino Amazon Prime Video dアニメストア ABEMA FOD DMM TV
---
[NG] ABEMA:
Spoox Powered by Lemino Amazon Prime Video dアニメストア ABEMA FOD DMM TV ▼都度課金サイト
---
[NG] FOD:
Amazon Prime Video dアニメストア ABEMA FOD DMM TV ▼都度課金サイト Rakuten TV
---
[NG] DMM TV:
dアニメストア ABEMA FOD DMM TV ▼都度課金サイト Rakuten TV Google Play/YouTube
---
[NG] Prime Video:
▼都度課金サイト Rakuten TV Google Play/YouTube Amazon Prime Video J:COM STREAM TELASA みるプラス
---
[NG] U-NEXT:
ネットもテレ東 TVer テレ東BIZ U-NEXT テレビ東京オンデマンド テレ東 YouTube公式チャンネル ＢＳテレ東 YouTube公式チャンネル
---
[NG] U-NEXT:
順次配信開始！ 詳細は各サイトでチェック！ 【見放題】 U-NEXT アニメ放題 ABEMA dアニメストア
---
[NG] ABEMA:
【見放題】 U-NEXT アニメ放題 ABEMA dアニメストア DMM TV Prime Video
---
[NG] dアニメストア:
U-NEXT アニメ放題 ABEMA dアニメストア DMM TV Prime Video バンダイチャンネル
---
[NG] DMM TV:
アニメ放題 ABEMA dアニメストア DMM TV Prime Video バンダイチャンネル Hulu
---
[NG] Prime Video:
ABEMA dアニメストア DMM TV Prime Video バンダイチャンネル Hulu FOD
---
[NG] Hulu:
DMM TV Prime Video バンダイチャンネル Hulu FOD Animefesta Lemino
---
[NG] FOD:
Prime Video バンダイチャンネル Hulu FOD Animefesta Lemino アニメタイムズ
---
[NG] Lemino:
Hulu FOD Animefesta Lemino アニメタイムズ J:COM STREAM （見放題）
---
[NG] アニメタイムズ:
FOD Animefesta Lemino アニメタイムズ J:COM STREAM （見放題） TELASA
---
[NG] Prime Video:
milplus 見放題パックプライム 【都度課金】 Prime Video バンダイチャンネル ニコニコチャンネル ©馬谷くらり／黒玉寮
---
[NG] U-NEXT:
Hulu ニコニコチャンネル ニコニコ生放送 U-NEXT アニメ放題 DMM TV AnimeFesta
---
[NG] DMM TV:
ニコニコ生放送 U-NEXT アニメ放題 DMM TV AnimeFesta ABEMA Prime Video
---
[NG] AnimeFesta:
U-NEXT アニメ放題 DMM TV AnimeFesta ABEMA Prime Video バンダイチャンネル
---
[NG] ABEMA:
アニメ放題 DMM TV AnimeFesta ABEMA Prime Video バンダイチャンネル FOD
---
[NG] Prime Video:
DMM TV AnimeFesta ABEMA Prime Video バンダイチャンネル FOD J:COM STREAM
---
[NG] FOD:
ABEMA Prime Video バンダイチャンネル FOD J:COM STREAM TELASA milplus（みるプラス）
---
[NG] Prime Video:
ABEMA dアニメストア dアニメストア ニコニコ支店 dアニメストア for Prime Video Netflix Disney+ DMM TV
---
[NG] dアニメストア:
ABEMA dアニメストア dアニメストア ニコニコ支店 dアニメストア for Prime Video Netflix Disney+ DMM TV
---
[NG] Netflix:
dアニメストア dアニメストア ニコニコ支店 dアニメストア for Prime Video Netflix Disney+ DMM TV FOD
---
[NG] DMM TV:
dアニメストア for Prime Video Netflix Disney+ DMM TV FOD アニメフェスタ MBS動画イズム
---
[NG] FOD:
Netflix Disney+ DMM TV FOD アニメフェスタ MBS動画イズム TVer
---
[NG] Prime Video:
アニメフェスタ MBS動画イズム TVer Prime Video ニコニコ動画 バンダイチャンネル Hulu
---
[NG] Hulu:
Prime Video ニコニコ動画 バンダイチャンネル Hulu J:COM STREAM TELASA milplus
---
[NG] Prime Video:
music.jp カンテレドーガ ニコニコ動画 Prime Video MBS動画イズム HAPPY!動画 バンダイチャンネル
---
[NG] dアニメストア:
ABEMA AnimeFesta バンダイチャンネル dアニメストア Disney＋ DMM TV FOD
---
[NG] DMM TV:
バンダイチャンネル dアニメストア Disney＋ DMM TV FOD Hulu Lemino
---
[NG] FOD:
dアニメストア Disney＋ DMM TV FOD Hulu Lemino Netflix
---
[NG] Hulu:
Disney＋ DMM TV FOD Hulu Lemino Netflix Prime Video
---
[NG] Lemino:
DMM TV FOD Hulu Lemino Netflix Prime Video U-NEXT
---
[NG] ABEMA:
ひかりTV ひかりTV for docomo SPOOX ABEMA DMM TV J:COM STREAM TELASA
---
[NG] DMM TV:
ひかりTV for docomo SPOOX ABEMA DMM TV J:COM STREAM TELASA milplus(みるプラス)
---
[NG] FOD:
J:COM STREAM TELASA milplus(みるプラス) FOD Anime Festa Hulu アニメタイムズ
---
[NG] Hulu:
milplus(みるプラス) FOD Anime Festa Hulu アニメタイムズ ニコニコ生放送 ニコニコ動画
---
[NG] アニメタイムズ:
FOD Anime Festa Hulu アニメタイムズ ニコニコ生放送 ニコニコ動画 TVer
---
[NG] U-NEXT:
ABEMA NETFLIX ディズニープラス U-NEXT アニメ放題 niconico(ニコニコ生放送／ニコニコチャンネル） DMM TV
---
[NG] DMM TV:
U-NEXT アニメ放題 niconico(ニコニコ生放送／ニコニコチャンネル） DMM TV FOD バンダイチャンネル Hulu
---
[NG] FOD:
アニメ放題 niconico(ニコニコ生放送／ニコニコチャンネル） DMM TV FOD バンダイチャンネル Hulu TELASA（見放題プラン）
---
[NG] Hulu:
DMM TV FOD バンダイチャンネル Hulu TELASA（見放題プラン） J:COM　STREAM milplus　見放題パックプライム
---
[NG] Prime Video:
TELASA（見放題プラン） J:COM　STREAM milplus　見放題パックプライム Prime Video アニメフェスタ 都度課金サイト ムービーフルplus
---
[NG] アニメタイムズ:
dアニメストア U-NEXT アニメ放題 アニメタイムズ Lemino ABEMA FOD
---
[NG] Lemino:
U-NEXT アニメ放題 アニメタイムズ Lemino ABEMA FOD ふらっと動画
---
[NG] ABEMA:
アニメ放題 アニメタイムズ Lemino ABEMA FOD ふらっと動画 TELASA(SVOD)
---
[NG] FOD:
アニメタイムズ Lemino ABEMA FOD ふらっと動画 TELASA(SVOD) J:COM STREAM(TVOD)
---
[NG] DMM TV:
Prime Video dアニメストア Netflix DMM TV バンダイチャンネル Hulu U-NEXT
---
[NG] Hulu:
Netflix DMM TV バンダイチャンネル Hulu U-NEXT アニメ放題 FOD
---
[NG] U-NEXT:
DMM TV バンダイチャンネル Hulu U-NEXT アニメ放題 FOD ABEMA
---
[NG] FOD:
Hulu U-NEXT アニメ放題 FOD ABEMA Lemino AnimeFesta
---
[NG] ABEMA:
U-NEXT アニメ放題 FOD ABEMA Lemino AnimeFesta ディズニープラス
---
[NG] Lemino:
アニメ放題 FOD ABEMA Lemino AnimeFesta ディズニープラス アニメタイムズ
---
[NG] Hulu:
毎週土曜深夜24時より順次最新話配信開始 見放題配信 Amazon Prime Video Hulu dアニメストア ABEMA FOD
---
[NG] dアニメストア:
見放題配信 Amazon Prime Video Hulu dアニメストア ABEMA FOD DMM TV
---
[NG] ABEMA:
Amazon Prime Video Hulu dアニメストア ABEMA FOD DMM TV AnimeFesta
---
[NG] FOD:
Hulu dアニメストア ABEMA FOD DMM TV AnimeFesta バンダイチャンネル
---
[NG] DMM TV:
dアニメストア ABEMA FOD DMM TV AnimeFesta バンダイチャンネル TELASA
---
[NG] AnimeFesta:
ABEMA FOD DMM TV AnimeFesta バンダイチャンネル TELASA J:COMSTREAM
---
[NG] Prime Video:
都度課金 HAPPY動画 Google TV Amazon Prime Video ニコニコチャンネル Rakuten TV バンダイチャンネル
---
[NG] Lemino:
J:COMSTREAM milplus 無料配信 Lemino TVer ネットもテレ東 ニコニコ生放送
---
[NG] ABEMA:
ネットもテレ東 ニコニコ生放送 ニコニコチャンネル ABEMA Rチャンネル 「赤塚不二夫TV」 Rチャンネル「アニメch」
---
[NG] Prime Video:
dアニメストア dアニメストア for Prime Video dアニメストア ニコニコ支店 Prime Video ディズニープラス Hulu DMM TV
---
[NG] Hulu:
dアニメストア ニコニコ支店 Prime Video ディズニープラス Hulu DMM TV Lemino FOD
---
[NG] DMM TV:
Prime Video ディズニープラス Hulu DMM TV Lemino FOD AnimeFesta
---
[NG] Lemino:
ディズニープラス Hulu DMM TV Lemino FOD AnimeFesta バンダイチャンネル
---
[NG] dアニメストア:
から 先行配信開始 dアニメストア dアニメストア ニコニコ支店 dアニメストア for Prime Video
---
[NG] U-NEXT:
から配信開始 Prime Video ABEMA U-NEXT アニメ放題 Lemino DMM TV
---
[NG] Lemino:
ABEMA U-NEXT アニメ放題 Lemino DMM TV AnimeFesta バンダイチャンネル
---
[NG] DMM TV:
U-NEXT アニメ放題 Lemino DMM TV AnimeFesta バンダイチャンネル Hulu
---
[NG] AnimeFesta:
アニメ放題 Lemino DMM TV AnimeFesta バンダイチャンネル Hulu FOD
---
[NG] Hulu:
DMM TV AnimeFesta バンダイチャンネル Hulu FOD FODチャンネル for Prime Video
---
[NG] FOD:
AnimeFesta バンダイチャンネル Hulu FOD FODチャンネル for Prime Video ニコニコチャンネル
---
[NG] dアニメストア:
アニメ放題 バンダイチャンネル AnimeFesta dアニメストア dアニメストア for Prime Video DMM TV
---
[NG] dアニメストア:
バンダイチャンネル AnimeFesta dアニメストア dアニメストア for Prime Video DMM TV FOD
---
[NG] Prime Video:
AnimeFesta dアニメストア dアニメストア for Prime Video DMM TV FOD Hulu
---
[NG] DMM TV:
dアニメストア dアニメストア for Prime Video DMM TV FOD Hulu J:COM STREAM
---
[NG] FOD:
dアニメストア for Prime Video DMM TV FOD Hulu J:COM STREAM Lemino
---
[NG] Hulu:
for Prime Video DMM TV FOD Hulu J:COM STREAM Lemino milplus
---
[NG] Lemino:
FOD Hulu J:COM STREAM Lemino milplus Prime Video TELASA
---
[NG] Prime Video:
J:COM STREAM Lemino milplus Prime Video TELASA U-NEXT ※配信日時は予告なく変更になる場合がございます。
---
[NG] U-NEXT:
milplus Prime Video TELASA U-NEXT ※配信日時は予告なく変更になる場合がございます。 OFFICIAL ACCOUNT
---
[NG] FOD:
FOD/TVer にて 1週間限定配信 FOD TVer 吸血鬼になることへの戸惑いを乗り越え、 ナズナを“好き”になることを決めたコウと、
---
[NG] ABEMA:
STREAMING dアニメストア 、 ABEMA にて最速配信開始！ dアニメストア 、
---
[NG] AnimeFesta:
ABEMA その他サイトも順次配信予定 見放題サイト AnimeFesta DMM TV ＦＯＤ HAPPY!動画
---
[NG] DMM TV:
その他サイトも順次配信予定 見放題サイト AnimeFesta DMM TV ＦＯＤ HAPPY!動画 Hulu
---
[NG] Hulu:
DMM TV ＦＯＤ HAPPY!動画 Hulu J:COM STREAM Lemino milplus
---
[NG] Lemino:
HAPPY!動画 Hulu J:COM STREAM Lemino milplus 見放題パックプライム Netflix
---
[NG] Netflix:
Lemino milplus 見放題パックプライム Netflix Prime Video Rakuten TV TELASA
---
[NG] Prime Video:
milplus 見放題パックプライム Netflix Prime Video Rakuten TV TELASA U-NEXT
---
[NG] U-NEXT:
Prime Video Rakuten TV TELASA U-NEXT アニメタイムズ アニメ放題 ニコニコ
---
[NG] アニメタイムズ:
Rakuten TV TELASA U-NEXT アニメタイムズ アニメ放題 ニコニコ バンダイチャンネル
---
[NG] Prime Video:
U-NEXT Hulu アニメタイムズ （Prime Video channel） Lemino(AVOD含む) バンダイチャンネル FOD
---
[NG] Lemino:
Hulu アニメタイムズ （Prime Video channel） Lemino(AVOD含む) バンダイチャンネル FOD Amazon Prime Video
---
[NG] FOD:
（Prime Video channel） Lemino(AVOD含む) バンダイチャンネル FOD Amazon Prime Video DMM TV Rakuten TV
---
[NG] Prime Video:
Lemino(AVOD含む) バンダイチャンネル FOD Amazon Prime Video DMM TV Rakuten TV Rチャンネル
---
[NG] DMM TV:
バンダイチャンネル FOD Amazon Prime Video DMM TV Rakuten TV Rチャンネル アニメフェスタ
---
[NG] ABEMA:
※配信開始日時はサービスによって異なる場合がございます。 詳しくは各種配信サービスよりご確認ください。 見放題配信 ABEMAプレミアム Amazon Prime Video DMM TV d
---
[NG] Prime Video:
詳しくは各種配信サービスよりご確認ください。 見放題配信 ABEMAプレミアム Amazon Prime Video DMM TV d アニメストア
---
[NG] DMM TV:
見放題配信 ABEMAプレミアム Amazon Prime Video DMM TV d アニメストア FOD
---
[NG] FOD:
DMM TV d アニメストア FOD Hulu J:COM STREAM Lemino
---
[NG] Hulu:
d アニメストア FOD Hulu J:COM STREAM Lemino milplus
---
[NG] Lemino:
FOD Hulu J:COM STREAM Lemino milplus TELASA TELASA
---
[NG] U-NEXT:
（ Ponta パス） U-NEXT アニメ放題 バンダイチャンネル 最新話期間限定 無料配信
---
[NG] ABEMA:
アニメ放題 バンダイチャンネル 最新話期間限定 無料配信 ABEMA FOD TVer ニコニコ生放送
---
[NG] FOD:
バンダイチャンネル 最新話期間限定 無料配信 ABEMA FOD TVer ニコニコ生放送 レンタル配信
---
[NG] Prime Video:
TVer ニコニコ生放送 レンタル配信 Amazon Prime Video Google TV HAPPY! 動画
---
[NG] U-NEXT:
順次配信予定 《見放題サイト》 dアニメストア U-NEXT アニメ放題 niconico (ニコニコ生放送／ニコニコチャンネル）
---
[NG] Lemino:
アニメ放題 niconico (ニコニコ生放送／ニコニコチャンネル） Lemino DMM TV バンダイチャンネル Hulu
---
[NG] DMM TV:
niconico (ニコニコ生放送／ニコニコチャンネル） Lemino DMM TV バンダイチャンネル Hulu アニメフェスタ
---
[NG] Hulu:
Lemino DMM TV バンダイチャンネル Hulu アニメフェスタ FOD TELASA
---
[NG] FOD:
バンダイチャンネル Hulu アニメフェスタ FOD TELASA （見放題プラン） J:COM　STREAM
---
[NG] Prime Video:
オンデマンド カンテレドーガ TVer Prime Video ディズニープラス Netflix 《都度課金サイト》
---
[NG] Netflix:
TVer Prime Video ディズニープラス Netflix 《都度課金サイト》 HAPPY!動画 Rakuten TV
---
[NG] dアニメストア:
アニメタイムズ Lemino Hulu dアニメストア U-NEXT アニメ放題 Disney＋
---
[NG] U-NEXT:
Lemino Hulu dアニメストア U-NEXT アニメ放題 Disney＋ DMM TV
---
[NG] DMM TV:
U-NEXT アニメ放題 Disney＋ DMM TV AnimeFesta ABEMA バンダイチャンネル
---
[NG] AnimeFesta:
アニメ放題 Disney＋ DMM TV AnimeFesta ABEMA バンダイチャンネル FOD
---
[NG] ABEMA:
Disney＋ DMM TV AnimeFesta ABEMA バンダイチャンネル FOD J:COM STREAM
---
[NG] FOD:
AnimeFesta ABEMA バンダイチャンネル FOD J:COM STREAM TELASA milplus（みるプラス）
---
[NG] Netflix:
music.jp ビデオマーケット MOVIE FULL+ Netflix ※配信開始日時はサービスによって異なる場合がございます。詳しくは各配信サービスにてご確認ください。 ※配信時間は変更になる可能性がございます。 SHARE
---
[NG] Prime Video:
HAPPY!動画 バンダイチャンネル ビデオマーケット Prime Video milplus music.jp ムービーフル
---
[NG] Prime Video:
(Amazonプライムについて詳しくは amazon.co.jp/prime へ) Amazon、Prime Video及びこれらに関連するすべての商標は、Amazon.com, Inc. 又はその関連会社の商標です。 ※放送・配信日時は変更となる場合がございます。 オリジナル版 見放題サイト
---
[NG] ABEMA:
※放送・配信日時は変更となる場合がございます。 オリジナル版 見放題サイト ABEMA dアニメストア U-NEXT アニメ放題
---
[NG] dアニメストア:
オリジナル版 見放題サイト ABEMA dアニメストア U-NEXT アニメ放題 Lemino
---
[NG] U-NEXT:
見放題サイト ABEMA dアニメストア U-NEXT アニメ放題 Lemino DMM TV
---
[NG] Lemino:
dアニメストア U-NEXT アニメ放題 Lemino DMM TV アニメフェスタ FOD
---
[NG] DMM TV:
U-NEXT アニメ放題 Lemino DMM TV アニメフェスタ FOD TELASA
---
[NG] FOD:
Lemino DMM TV アニメフェスタ FOD TELASA (見放題プラン) J:COM　STREAM
---
[NG] ABEMA:
見放題パックプライム CENSORED版 見放題サイト ABEMA dアニメストア U-NEXT アニメ放題
---
[NG] dアニメストア:
CENSORED版 見放題サイト ABEMA dアニメストア U-NEXT アニメ放題 niconico
---
[NG] U-NEXT:
見放題サイト ABEMA dアニメストア U-NEXT アニメ放題 niconico (ニコニコ生放送／
---
[NG] Lemino:
niconico (ニコニコ生放送／ ニコニコチャンネル) Lemino DMM TV バンダイチャンネル Hulu
---
[NG] DMM TV:
(ニコニコ生放送／ ニコニコチャンネル) Lemino DMM TV バンダイチャンネル Hulu アニメフェスタ
---
[NG] Hulu:
Lemino DMM TV バンダイチャンネル Hulu アニメフェスタ FOD TELASA
---
[NG] FOD:
バンダイチャンネル Hulu アニメフェスタ FOD TELASA (見放題プラン) J:COM　STREAM
---
[NG] Lemino:
U-NEXT アニメ放題 ABEMA Lemino Amazonプライムビデオ Disney＋ バンダイチャンネル
---
[NG] Hulu:
Amazonプライムビデオ Disney＋ バンダイチャンネル Hulu FOD ニコニコチャンネル Anime Festa
---
[NG] FOD:
Disney＋ バンダイチャンネル Hulu FOD ニコニコチャンネル Anime Festa TVer
---
[NG] Prime Video:
Streaming 配信情報 ABEMA Amazon Prime Video DMM TV dアニメストア FOD
---
[NG] DMM TV:
配信情報 ABEMA Amazon Prime Video DMM TV dアニメストア FOD Hulu
---
[NG] dアニメストア:
ABEMA Amazon Prime Video DMM TV dアニメストア FOD Hulu J:COM STREAM
---
[NG] FOD:
Amazon Prime Video DMM TV dアニメストア FOD Hulu J:COM STREAM LEMINO
---
[NG] Hulu:
DMM TV dアニメストア FOD Hulu J:COM STREAM LEMINO Locipo
---
[NG] U-NEXT:
music.jp milplus（みるプラス） TELASA U-NEXT カンテレドーガ バンダイチャンネル ビデオマーケット
---
[NG] ABEMA:
第2期 TV放送後、各配信サイトにて配信開始 第1期 好評配信中！ 無料配信 ABEMA MBS動画イズム TVer ニコニコ
---
[NG] アニメタイムズ:
TVer ニコニコ 見放題 アニメタイムズ アニメ放題 ABEMA abceed
---
[NG] ABEMA:
見放題 アニメタイムズ アニメ放題 ABEMA abceed FOD J:COM STREAM
---
[NG] FOD:
アニメ放題 ABEMA abceed FOD J:COM STREAM DMM TV TELASA
---
[NG] DMM TV:
abceed FOD J:COM STREAM DMM TV TELASA dアニメストア ニコニコ
---
[NG] dアニメストア:
J:COM STREAM DMM TV TELASA dアニメストア ニコニコ Netflix バンダイチャンネル
---
[NG] Netflix:
TELASA dアニメストア ニコニコ Netflix バンダイチャンネル Hulu Prime Video
---
[NG] Hulu:
ニコニコ Netflix バンダイチャンネル Hulu Prime Video ふらっと動画 Pontaパス
---
[NG] Prime Video:
Netflix バンダイチャンネル Hulu Prime Video ふらっと動画 Pontaパス milplus
---
[NG] U-NEXT:
ふらっと動画 Pontaパス milplus U-NEXT Lemino WOWOWオンデマンド 各話購入
---
[NG] Lemino:
Pontaパス milplus U-NEXT Lemino WOWOWオンデマンド 各話購入 HAPPY!動画
---
[NG] ABEMA:
でも順次配信開始 ※配信時間は変更する可能性があります 先行配信 放送終了後、ABEMAにて国内最速配信 毎週金曜よる24:00～ ABEMA 見放題配信 各種配信プラットフォームにて順次配信 毎週月曜よる24:00～
---
[NG] ABEMA:
※配信時間は変更する可能性があります 先行配信 放送終了後、ABEMAにて国内最速配信 毎週金曜よる24:00～ ABEMA 見放題配信 各種配信プラットフォームにて順次配信 毎週月曜よる24:00～ ABEMAプレミアム
---
[NG] ABEMA:
ABEMA 見放題配信 各種配信プラットフォームにて順次配信 毎週月曜よる24:00～ ABEMAプレミアム Anime Festa アニメ放題 バンダイチャンネル
---
[NG] dアニメストア:
Anime Festa アニメ放題 バンダイチャンネル dアニメストア Disney+ DMM TV FOD
---
[NG] DMM TV:
バンダイチャンネル dアニメストア Disney+ DMM TV FOD Hulu J:COM STREAM 見放題
---
[NG] FOD:
dアニメストア Disney+ DMM TV FOD Hulu J:COM STREAM 見放題 Lemino
---
[NG] Hulu:
Disney+ DMM TV FOD Hulu J:COM STREAM 見放題 Lemino milplus
---
[NG] Lemino:
FOD Hulu J:COM STREAM 見放題 Lemino milplus Netflix Ponta パス
---
[NG] Netflix:
J:COM STREAM 見放題 Lemino milplus Netflix Ponta パス Prime Video TELASA
---
[NG] Prime Video:
milplus Netflix Ponta パス Prime Video TELASA U-NEXT レンタル配信
---
[NG] U-NEXT:
Ponta パス Prime Video TELASA U-NEXT レンタル配信 各種配信プラットフォームにて順次配信 毎週月曜よる24:00～ バンダイチャンネル
---
[NG] Prime Video:
milplus ムービーフルplus ニコニコチャンネル Prime Video Rakuten TV TELASA Video Market
---
[NG] ABEMA:
ビデックス 最新話無料配信 毎週土曜よる24:00～ ABEMA 各種配信プラットフォームにて順次配信 毎週月曜よる24:00～ アニメ放題 ニコニコチャンネル/ニコニコ生放送
---
[NG] U-NEXT:
各種配信プラットフォームにて順次配信 毎週月曜よる24:00～ アニメ放題 ニコニコチャンネル/ニコニコ生放送 U-NEXT 毎週木曜よる24:00～ 日テレ無料 TVer
---
[NG] ABEMA:
月 20 日(日)より ABEMAにて独占・無料配信！ 7 月 6
---
[NG] DMM TV:
順次配信！ Prime Video Hulu DMM TV Google TV YouTube Lemino
---
[NG] Lemino:
DMM TV Google TV YouTube Lemino ひかりTV ひかりTV for docomo J:COM STREAM
---
[NG] dアニメストア:
TELASA milplus(みるプラス) Happy!動画 dアニメストア バンダイチャンネル ※放送・配信日時は変更になる場合があります。 © やしろ・ＴＯブックス／しろひよ製作委員会
---
[NG] Prime Video:
日（月） より 毎週月曜0時00分～ 24時間先行配信！ Prime Video 2025 年 7
---
[NG] Lemino:
より 毎週火曜日0時00分～ 順次配信開始！ 見放題配信 Lemino アニメタイムズ dアニメストア U-NEXT
---
[NG] アニメタイムズ:
毎週火曜日0時00分～ 順次配信開始！ 見放題配信 Lemino アニメタイムズ dアニメストア U-NEXT アニメ放題
---
[NG] dアニメストア:
見放題配信 Lemino アニメタイムズ dアニメストア U-NEXT アニメ放題 バンダイチャンネル
---
[NG] U-NEXT:
Lemino アニメタイムズ dアニメストア U-NEXT アニメ放題 バンダイチャンネル J:COM STREAM
---
[NG] FOD:
TELASA milplus（みるプラス） NETFLIX FOD Disney＋ AnimeFesta DMM TV
---
[NG] AnimeFesta:
NETFLIX FOD Disney＋ AnimeFesta DMM TV WOWOWオンデマンド ABEMA
---
[NG] DMM TV:
FOD Disney＋ AnimeFesta DMM TV WOWOWオンデマンド ABEMA レンタル配信
---
[NG] ABEMA:
AnimeFesta DMM TV WOWOWオンデマンド ABEMA レンタル配信 Rakuten TV カンテレドーガ
---
[NG] Netflix:
dアニメストア for Prime Video dアニメストア ニコニコ支店 ディズニープラス Netflix ABEMA U-NEXT Hulu
---
[NG] ABEMA:
dアニメストア ニコニコ支店 ディズニープラス Netflix ABEMA U-NEXT Hulu DMM TV
---
[NG] U-NEXT:
ディズニープラス Netflix ABEMA U-NEXT Hulu DMM TV Lemino
---
[NG] Hulu:
Netflix ABEMA U-NEXT Hulu DMM TV Lemino バンダイチャンネル
---
[NG] DMM TV:
ABEMA U-NEXT Hulu DMM TV Lemino バンダイチャンネル FOD
---
[NG] Lemino:
U-NEXT Hulu DMM TV Lemino バンダイチャンネル FOD TELASA（見放題プラン）
---
[NG] FOD:
DMM TV Lemino バンダイチャンネル FOD TELASA（見放題プラン） J:COM STREAM（見放題） milplus見放題パックプライム
---
[NG] dアニメストア:
ABEMA Prime Video ディズニープラス dアニメストア dアニメストア ニコニコ支店 dアニメストア for Prime Video DMM TV
---
[NG] dアニメストア:
Prime Video ディズニープラス dアニメストア dアニメストア ニコニコ支店 dアニメストア for Prime Video DMM TV バンダイチャンネル
---
[NG] Prime Video:
ディズニープラス dアニメストア dアニメストア ニコニコ支店 dアニメストア for Prime Video DMM TV バンダイチャンネル Hulu
---
[NG] dアニメストア:
ディズニープラス dアニメストア dアニメストア ニコニコ支店 dアニメストア for Prime Video DMM TV バンダイチャンネル Hulu
---
[NG] DMM TV:
dアニメストア dアニメストア ニコニコ支店 dアニメストア for Prime Video DMM TV バンダイチャンネル Hulu ニコニコチャンネル
---
[NG] Hulu:
dアニメストア for Prime Video DMM TV バンダイチャンネル Hulu ニコニコチャンネル U-NEXT アニメ放題
---
[NG] U-NEXT:
バンダイチャンネル Hulu ニコニコチャンネル U-NEXT アニメ放題 FOD Lemino
---
[NG] FOD:
ニコニコチャンネル U-NEXT アニメ放題 FOD Lemino AnimeFesta アニメタイムズ
---
[NG] Prime Video:
深夜1時30分〜順次配信開始 アニメ放題 ABEMA Amazon Prime Video J:COM STREAM DMM TV TELASA
---
[NG] DMM TV:
ABEMA Amazon Prime Video J:COM STREAM DMM TV TELASA ニコニコ バンダイチャンネル
---
[NG] Hulu:
TELASA ニコニコ バンダイチャンネル Hulu milplus見放題パックプライム U-NEXT FOD
---
[NG] ABEMA:
music.jp milplus 見逃し無料配信 ABEMA ニコニコ Lemino HOME
---
[NG] Lemino:
見逃し無料配信 ABEMA ニコニコ Lemino HOME MOVIE NEWS
---
[NG] アニメタイムズ:
U-NEXT アニメ放題 見放題配信 アニメタイムズ Amazon Prime Video FOD J:COM STREAM
---
[NG] Prime Video:
アニメ放題 見放題配信 アニメタイムズ Amazon Prime Video FOD J:COM STREAM dアニメストア
---
[NG] FOD:
見放題配信 アニメタイムズ Amazon Prime Video FOD J:COM STREAM dアニメストア DMM TV
---
[NG] dアニメストア:
Amazon Prime Video FOD J:COM STREAM dアニメストア DMM TV Disney＋ TELASA
---
[NG] DMM TV:
FOD J:COM STREAM dアニメストア DMM TV Disney＋ TELASA Netflix
---
[NG] Netflix:
DMM TV Disney＋ TELASA Netflix バンダイチャンネル Hulu ふらっと動画
---
[NG] Hulu:
TELASA Netflix バンダイチャンネル Hulu ふらっと動画 milplus見放題パックプライム Lemino
---
[NG] Lemino:
Hulu ふらっと動画 milplus見放題パックプライム Lemino WOWOWオンデマンド 都度課金配信 Amazon Prime Video
---
[NG] Prime Video:
Lemino WOWOWオンデマンド 都度課金配信 Amazon Prime Video カンテレドーガ J:COM STREAM TELASA
---
[NG] ABEMA:
music.jp milplus 見逃し無料配信 ABEMA TVer ニコニコ Lemino
---
[NG] Lemino:
ABEMA TVer ニコニコ Lemino ※配信日時は予告なく変更する場合がございます。詳細は各配信サービスにてご確認ください。 Page Top このサイトに記載されている一切の文書・図版・写真等を、手段や形態を問わず、複製・転載することを禁じます。
---
[NG] FOD:
dアニメストア dアニメストア ニコニコ支店 dアニメストア for Prime Video FOD ABEMAプレミアム U-NEXT アニメ放題
---
[NG] ABEMA:
dアニメストア ニコニコ支店 dアニメストア for Prime Video FOD ABEMAプレミアム U-NEXT アニメ放題 バンダイチャンネル
---
[NG] U-NEXT:
dアニメストア for Prime Video FOD ABEMAプレミアム U-NEXT アニメ放題 バンダイチャンネル Hulu
---
[NG] Hulu:
U-NEXT アニメ放題 バンダイチャンネル Hulu Lemino Netflix DMM TV
---
[NG] Lemino:
アニメ放題 バンダイチャンネル Hulu Lemino Netflix DMM TV アニメタイムズ
---
[NG] Netflix:
バンダイチャンネル Hulu Lemino Netflix DMM TV アニメタイムズ AnimeFesta
---
[NG] dアニメストア:
地上波先行一斉配信！ Amazon Prime Video U-NEXT dアニメストア ABEMA DMM TV バンダイチャンネル
---
[NG] ABEMA:
Amazon Prime Video U-NEXT dアニメストア ABEMA DMM TV バンダイチャンネル FOD
---
[NG] DMM TV:
U-NEXT dアニメストア ABEMA DMM TV バンダイチャンネル FOD Lemino
---
[NG] FOD:
ABEMA DMM TV バンダイチャンネル FOD Lemino ニコニコチャンネル ニコニコ生放送
---
[NG] Lemino:
DMM TV バンダイチャンネル FOD Lemino ニコニコチャンネル ニコニコ生放送 アニメタイムズ
---
[NG] アニメタイムズ:
Lemino ニコニコチャンネル ニコニコ生放送 アニメタイムズ アニメ放題 AnimeFesta HAPPY!動画
---
[NG] AnimeFesta:
ニコニコ生放送 アニメタイムズ アニメ放題 AnimeFesta HAPPY!動画 J:COM STREAM milplus
---
[NG] Hulu:
ABEMAプレミアム DMM TV FOD Hulu Lemino Netflix Prime Video
---
[NG] Lemino:
DMM TV FOD Hulu Lemino Netflix Prime Video ディズニープラス
---
[NG] Netflix:
FOD Hulu Lemino Netflix Prime Video ディズニープラス バンダイチャンネル
---
[NG] Prime Video:
Hulu Lemino Netflix Prime Video ディズニープラス バンダイチャンネル AnimeFesta
---
[NG] Prime Video:
DMM TV U-NEXT アニメ放題 Amazon Prime Video FOD Hulu Lemino
---
[NG] FOD:
U-NEXT アニメ放題 Amazon Prime Video FOD Hulu Lemino AnimeFesta
---
[NG] Hulu:
アニメ放題 Amazon Prime Video FOD Hulu Lemino AnimeFesta バンダイチャンネル
---
[NG] Lemino:
Amazon Prime Video FOD Hulu Lemino AnimeFesta バンダイチャンネル J:COM STREAM
---
[NG] AnimeFesta:
FOD Hulu Lemino AnimeFesta バンダイチャンネル J:COM STREAM milplus見放題プライム
---
[NG] Prime Video:
DMM TV U-NEXT アニメ放題 Amazon Prime Video FOD Hulu Lemino
---
[NG] FOD:
U-NEXT アニメ放題 Amazon Prime Video FOD Hulu Lemino AnimeFesta
---
[NG] Hulu:
アニメ放題 Amazon Prime Video FOD Hulu Lemino AnimeFesta バンダイチャンネル
---
[NG] Lemino:
Amazon Prime Video FOD Hulu Lemino AnimeFesta バンダイチャンネル J:COM STREAM
---
[NG] AnimeFesta:
FOD Hulu Lemino AnimeFesta バンダイチャンネル J:COM STREAM milplus見放題プライム
---
[NG] DMM TV:
Prime Video U-NEXT アニメ放題 DMM TV ABEMA プレミアム Anime Festa FOD
---
[NG] ABEMA:
U-NEXT アニメ放題 DMM TV ABEMA プレミアム Anime Festa FOD Hulu
---
[NG] FOD:
DMM TV ABEMA プレミアム Anime Festa FOD Hulu TELASA J：COM STREAM
---
[NG] Hulu:
ABEMA プレミアム Anime Festa FOD Hulu TELASA J：COM STREAM milplus
---
[NG] ABEMA:
ニコニコ生放送 ニコニコチャンネル TVer ABEMA ※配信開始日時・配信期間は配信サービスによって異なる場合がございます。詳しくは取扱いの配信サービスにてご確認ください。 Home News
---
[NG] ABEMA:
各配信サイトにて順次配信開始！ 詳細は各サイトでチェック！ 見放題サイト ABEMA U-NEXT アニメ放題 niconico
---
[NG] U-NEXT:
詳細は各サイトでチェック！ 見放題サイト ABEMA U-NEXT アニメ放題 niconico （ニコニコ生放送／ニコニコチャンネル）
---
[NG] DMM TV:
アニメ放題 niconico （ニコニコ生放送／ニコニコチャンネル） DMM TV FOD バンダイチャンネル Hulu
---
[NG] FOD:
niconico （ニコニコ生放送／ニコニコチャンネル） DMM TV FOD バンダイチャンネル Hulu TELASA
---
[NG] Hulu:
DMM TV FOD バンダイチャンネル Hulu TELASA （見放題プラン） J:COM STREAM
---
[NG] Prime Video:
J:COM STREAM milplus 見放題パックプライム Prime Video アニメフェスタ 都度課金サイト HAPPY!動画
---
[NG] ABEMA:
毎週土曜22時30分より 各配信サービスにて順次配信開始！ 見放題配信サービス ABEMA Amazon Prime Video AnimeFesta DMM TV
---
[NG] Prime Video:
各配信サービスにて順次配信開始！ 見放題配信サービス ABEMA Amazon Prime Video AnimeFesta DMM TV dアニメストア
---
[NG] AnimeFesta:
見放題配信サービス ABEMA Amazon Prime Video AnimeFesta DMM TV dアニメストア FOD
---
[NG] DMM TV:
ABEMA Amazon Prime Video AnimeFesta DMM TV dアニメストア FOD Hulu
---
[NG] dアニメストア:
Amazon Prime Video AnimeFesta DMM TV dアニメストア FOD Hulu Lemino
---
[NG] FOD:
AnimeFesta DMM TV dアニメストア FOD Hulu Lemino U-NEXT
---
[NG] Hulu:
DMM TV dアニメストア FOD Hulu Lemino U-NEXT アニメ放題
---
[NG] Lemino:
dアニメストア FOD Hulu Lemino U-NEXT アニメ放題 バンダイチャンネル
---
[NG] U-NEXT:
FOD Hulu Lemino U-NEXT アニメ放題 バンダイチャンネル 各話購入サービス
---
[NG] DMM TV:
ABEMAプレミアム Amazon Prime Video Disney+（ディズニープラス） DMM TV dアニメストア dアニメストア for Prime Video dアニメストア ニコニコ支店
---
[NG] dアニメストア:
Amazon Prime Video Disney+（ディズニープラス） DMM TV dアニメストア dアニメストア for Prime Video dアニメストア ニコニコ支店 FOD
---
[NG] Prime Video:
Disney+（ディズニープラス） DMM TV dアニメストア dアニメストア for Prime Video dアニメストア ニコニコ支店 FOD Hulu
---
[NG] dアニメストア:
Disney+（ディズニープラス） DMM TV dアニメストア dアニメストア for Prime Video dアニメストア ニコニコ支店 FOD Hulu
---
[NG] dアニメストア:
DMM TV dアニメストア dアニメストア for Prime Video dアニメストア ニコニコ支店 FOD Hulu J:COM STREAM
---
[NG] FOD:
dアニメストア dアニメストア for Prime Video dアニメストア ニコニコ支店 FOD Hulu J:COM STREAM Lemino
---
[NG] Hulu:
dアニメストア for Prime Video dアニメストア ニコニコ支店 FOD Hulu J:COM STREAM Lemino milplus
---
[NG] Lemino:
FOD Hulu J:COM STREAM Lemino milplus Netflix TELASA
---
[NG] Netflix:
J:COM STREAM Lemino milplus Netflix TELASA TELASA（Pontaパス） WOWOWオンデマンド
---
[NG] アニメタイムズ:
TELASA TELASA（Pontaパス） WOWOWオンデマンド アニメタイムズ アニメ放題 ニコニコチャンネル バンダイチャンネル
---
[NG] U-NEXT:
CS TBS NEWS TBS FREE TVer U-NEXT エンターテインメント 映画 TBSチケット
---
[NG] U-NEXT:
毎週金曜日23:00～以降 （詳細は各サイトでご確認ください） ＜見放題サイト＞ U-NEXT アニメ放題 niconico(ニコニコ生放送／ニコニコチャンネル） Lemino
---
[NG] Lemino:
U-NEXT アニメ放題 niconico(ニコニコ生放送／ニコニコチャンネル） Lemino DMM TV バンダイチャンネル Hulu
---
[NG] DMM TV:
アニメ放題 niconico(ニコニコ生放送／ニコニコチャンネル） Lemino DMM TV バンダイチャンネル Hulu アニメフェスタ
---
[NG] Hulu:
Lemino DMM TV バンダイチャンネル Hulu アニメフェスタ FOD TELASA（見放題プラン）
---
[NG] FOD:
バンダイチャンネル Hulu アニメフェスタ FOD TELASA（見放題プラン） J:COM　STREAM milplus　見放題パックプライム
---
[NG] Prime Video:
TELASA（見放題プラン） J:COM　STREAM milplus　見放題パックプライム Prime Video ＜都度課金サイト＞ HAPPY!動画 Rakuten TV
---
[NG] dアニメストア:
ABEMAプレミアム Amazon Prime Video DMM TV dアニメストア dアニメストア for Prime Video dアニメストア ニコニコ支店 FOD
---
[NG] Prime Video:
Amazon Prime Video DMM TV dアニメストア dアニメストア for Prime Video dアニメストア ニコニコ支店 FOD Hulu
---
[NG] dアニメストア:
Amazon Prime Video DMM TV dアニメストア dアニメストア for Prime Video dアニメストア ニコニコ支店 FOD Hulu
---
[NG] dアニメストア:
DMM TV dアニメストア dアニメストア for Prime Video dアニメストア ニコニコ支店 FOD Hulu Lemino
---
[NG] FOD:
dアニメストア dアニメストア for Prime Video dアニメストア ニコニコ支店 FOD Hulu Lemino U-NEXT
---
[NG] Hulu:
dアニメストア for Prime Video dアニメストア ニコニコ支店 FOD Hulu Lemino U-NEXT アニメ放題
---
[NG] Lemino:
dアニメストア ニコニコ支店 FOD Hulu Lemino U-NEXT アニメ放題 バンダイチャンネル
---
[NG] AnimeFesta:
最速配信 AnimeFesta プレミアム版 AnimeFesta オンエア版 DMM TV 地上波先行配信！
---
[NG] DMM TV:
プレミアム版 AnimeFesta オンエア版 DMM TV 地上波先行配信！ DMM TV オンエア版
---
[NG] アニメタイムズ:
ｄアニメストア U-NEXT アニメ放題 アニメタイムズ Lemino ABEMA ふらっと動画
---
[NG] Lemino:
U-NEXT アニメ放題 アニメタイムズ Lemino ABEMA ふらっと動画 FOD
---
[NG] ABEMA:
アニメ放題 アニメタイムズ Lemino ABEMA ふらっと動画 FOD TELASA(SVOD)
---
[NG] FOD:
Lemino ABEMA ふらっと動画 FOD TELASA(SVOD) J:COM STREAM(SVOD) milplus(SVOD)
---
[NG] U-NEXT:
見放題サイト ｄアニメストア niconico（ニコニコ生放送／ニコニコチャンネル） U-NEXT アニメ放題 Lemino バンダイチャンネル
---
[NG] Lemino:
niconico（ニコニコ生放送／ニコニコチャンネル） U-NEXT アニメ放題 Lemino バンダイチャンネル Hulu DMM TV
---
[NG] Hulu:
アニメ放題 Lemino バンダイチャンネル Hulu DMM TV TELASA J:COM STREAM
---
[NG] DMM TV:
Lemino バンダイチャンネル Hulu DMM TV TELASA J:COM STREAM milplus 見放題パックプライム
---
[NG] Prime Video:
TELASA J:COM STREAM milplus 見放題パックプライム Prime Video FOD アニメフェスタ 都度課金サイト
---
[NG] FOD:
J:COM STREAM milplus 見放題パックプライム Prime Video FOD アニメフェスタ 都度課金サイト Rakuten TV
---
[NG] DMM TV:
Prime Video ABEMA アニメ放題 DMM TV J:COM STREAM みるプラス TELASA
---
[NG] Hulu:
みるプラス TELASA バンダイチャンネル Hulu Lemino アニメタイムズ AnimeFesta
---
[NG] Lemino:
TELASA バンダイチャンネル Hulu Lemino アニメタイムズ AnimeFesta 都度課金配信サイト
---
[NG] FOD:
Google Play / YouTube ニコニコチャンネル FOD Rakuten TV HAPPY!動画 ※放送・配信日時は都合等により変更となる場合がございます。
---
[NG] U-NEXT:
ｄアニメストア niconico (ニコニコ生放送／ニコニコチャンネル) U-NEXT アニメ放題 Lemino バンダイチャンネル
---
[NG] Lemino:
(ニコニコ生放送／ニコニコチャンネル) U-NEXT アニメ放題 Lemino バンダイチャンネル Hulu DMM TV
---
[NG] Hulu:
アニメ放題 Lemino バンダイチャンネル Hulu DMM TV TELASA J:COM STREAM
---
[NG] DMM TV:
Lemino バンダイチャンネル Hulu DMM TV TELASA J:COM STREAM milplus
---
[NG] Prime Video:
J:COM STREAM milplus 見放題パックプライム Prime Video FOD アニメフェスタ 都度課金サイト
---
[NG] FOD:
milplus 見放題パックプライム Prime Video FOD アニメフェスタ 都度課金サイト Rakuten TV
---
